This is pdfTeX, Version 3.141592653-2.6-1.40.22 (TeX Live 2022/dev/Debian) (preloaded format=pdflatex 2023.1.16)  5 FEB 2023 15:57
entering extended mode
 restricted \write18 enabled.
 %&-line parsing enabled.
**refman
(./refman.tex
LaTeX2e <2021-11-15> patch level 1
L3 programming layer <2022-01-21>
(/usr/share/texlive/texmf-dist/tex/latex/base/book.cls
Document Class: book 2021/10/04 v1.4n Standard LaTeX document class
(/usr/share/texlive/texmf-dist/tex/latex/base/bk10.clo
File: bk10.clo 2021/10/04 v1.4n Standard LaTeX file (size option)
)
\c@part=\count185
\c@chapter=\count186
\c@section=\count187
\c@subsection=\count188
\c@subsubsection=\count189
\c@paragraph=\count190
\c@subparagraph=\count191
\c@figure=\count192
\c@table=\count193
\abovecaptionskip=\skip47
\belowcaptionskip=\skip48
\bibindent=\dimen138
)
(/usr/share/texlive/texmf-dist/tex/latex/base/ifthen.sty
Package: ifthen 2020/11/24 v1.1c Standard LaTeX ifthen package (DPC)
)
(/usr/share/texlive/texmf-dist/tex/latex/tools/array.sty
Rollback for package 'array' requested -> date 2016-10-06.
         Best approximation is the release introduced on 2016-10-06.

(/usr/share/texlive/texmf-dist/tex/latex/tools/array-2016-10-06.sty
Package: array 2016/10/06 v2.4d Tabular extension package (FMi)
\col@sep=\dimen139
\extrarowheight=\dimen140
\NC@list=\toks16
\extratabsurround=\skip49
\backup@length=\skip50
))
(/usr/share/texlive/texmf-dist/tex/latex/base/fixltx2e.sty
Package: fixltx2e 2016/12/29 v2.1a fixes to LaTeX (obsolete)
Applying: [2015/01/01] Old fixltx2e package on input line 46.


Package fixltx2e Warning: fixltx2e is not required with releases after 2015
(fixltx2e)                All fixes are now in the LaTeX kernel.
(fixltx2e)                See the latexrelease package for details.

Already applied: [0000/00/00] Old fixltx2e package on input line 53.
) (./doxygen.sty
Package: doxygen 
 (/usr/share/texlive/texmf-dist/tex/latex/base/alltt.sty
Package: alltt 2021/01/29 v2.0g defines alltt environment
)
(/usr/share/texlive/texmf-dist/tex/latex/tools/calc.sty
Package: calc 2017/05/25 v4.3 Infix arithmetic (KKT,FJ)
\calc@Acount=\count194
\calc@Bcount=\count195
\calc@Adimen=\dimen141
\calc@Bdimen=\dimen142
\calc@Askip=\skip51
\calc@Bskip=\skip52
LaTeX Info: Redefining \setlength on input line 80.
LaTeX Info: Redefining \addtolength on input line 81.
\calc@Ccount=\count196
\calc@Cskip=\skip53
)
(/usr/share/texlive/texmf-dist/tex/latex/float/float.sty
Package: float 2001/11/08 v1.3d Float enhancements (AL)
\c@float@type=\count197
\float@exts=\toks17
\float@box=\box50
\@float@everytoks=\toks18
\@floatcapt=\box51
)
(/usr/share/texlive/texmf-dist/tex/latex/tools/verbatim.sty
Package: verbatim 2020-07-07 v1.5u LaTeX2e package for verbatim enhancements
\every@verbatim=\toks19
\verbatim@line=\toks20
\verbatim@in@stream=\read2
)
(/usr/share/texlive/texmf-dist/tex/latex/xcolor/xcolor.sty
Package: xcolor 2021/10/31 v2.13 LaTeX color extensions (UK)

(/usr/share/texlive/texmf-dist/tex/latex/graphics-cfg/color.cfg
File: color.cfg 2016/01/02 v1.6 sample color configuration
)
Package xcolor Info: Driver file: pdftex.def on input line 227.

(/usr/share/texlive/texmf-dist/tex/latex/graphics-def/pdftex.def
File: pdftex.def 2020/10/05 v1.2a Graphics/color driver for pdftex
)
(/usr/share/texlive/texmf-dist/tex/latex/colortbl/colortbl.sty
Package: colortbl 2020/01/04 v1.0e Color table columns (DPC)
\everycr=\toks21
\minrowclearance=\skip54
)
\rownum=\count198
Package xcolor Info: Model `cmy' substituted by `cmy0' on input line 1352.
Package xcolor Info: Model `hsb' substituted by `rgb' on input line 1356.
Package xcolor Info: Model `RGB' extended on input line 1368.
Package xcolor Info: Model `HTML' substituted by `rgb' on input line 1370.
Package xcolor Info: Model `Hsb' substituted by `hsb' on input line 1371.
Package xcolor Info: Model `tHsb' substituted by `hsb' on input line 1372.
Package xcolor Info: Model `HSB' substituted by `hsb' on input line 1373.
Package xcolor Info: Model `Gray' substituted by `gray' on input line 1374.
Package xcolor Info: Model `wave' substituted by `hsb' on input line 1375.
)
(./longtable_doxygen.sty
Package: longtable_doxygen 2014/10/28 v4.11 Multi-page Table package (DPC) - fr
ozen version for doxygen
\LTleft=\skip55
\LTright=\skip56
\LTpre=\skip57
\LTpost=\skip58
\LTchunksize=\count199
\LTcapwidth=\dimen143
\LT@head=\box52
\LT@firsthead=\box53
\LT@foot=\box54
\LT@lastfoot=\box55
\LT@cols=\count266
\LT@rows=\count267
\c@LT@tables=\count268
\c@LT@chunks=\count269
\LT@p@ftn=\toks22
) (./tabu_doxygen.sty
Package: tabu_doxygen 2011/02/26 v2.8 - flexible LaTeX tabulars (FC), frozen ve
rsion for doxygen

(/usr/share/texlive/texmf-dist/tex/latex/varwidth/varwidth.sty
Package: varwidth 2009/03/30 ver 0.92;  Variable-width minipages
\@vwid@box=\box56
\sift@deathcycles=\count270
\@vwid@loff=\dimen144
\@vwid@roff=\dimen145
)
\c@taburow=\count271
\tabu@nbcols=\count272
\tabu@cnt=\count273
\tabu@Xcol=\count274
\tabu@alloc=\count275
\tabu@nested=\count276
\tabu@target=\dimen146
\tabu@spreadtarget=\dimen147
\tabu@naturalX=\dimen148
\tabucolX=\dimen149
\tabu@Xsum=\dimen150
\extrarowdepth=\dimen151
\abovetabulinesep=\dimen152
\belowtabulinesep=\dimen153
\tabustrutrule=\dimen154
\tabu@thebody=\toks23
\tabu@footnotes=\toks24
\tabu@box=\box57
\tabu@arstrutbox=\box58
\tabu@hleads=\box59
\tabu@vleads=\box60
\tabu@cellskip=\skip59
)
(/usr/share/texlive/texmf-dist/tex/latex/fancyvrb/fancyvrb.sty
Package: fancyvrb 2021/12/21 4.1b verbatim text (tvz,hv)

(/usr/share/texlive/texmf-dist/tex/latex/graphics/keyval.sty
Package: keyval 2014/10/28 v1.15 key=value parser (DPC)
\KV@toks@=\toks25
)
\FV@CodeLineNo=\count277
\FV@InFile=\read3
\FV@TabBox=\box61
\c@FancyVerbLine=\count278
\FV@StepNumber=\count279
\FV@OutFile=\write3
)
(/usr/share/texlive/texmf-dist/tex/latex/tools/tabularx.sty
Package: tabularx 2020/01/15 v2.11c `tabularx' package (DPC)
\TX@col@width=\dimen155
\TX@old@table=\dimen156
\TX@old@col=\dimen157
\TX@target=\dimen158
\TX@delta=\dimen159
\TX@cols=\count280
\TX@ftn=\toks26
)
(/usr/share/texlive/texmf-dist/tex/latex/tools/multicol.sty
Package: multicol 2021/10/28 v1.9b multicolumn formatting (FMi)
\c@tracingmulticols=\count281
\mult@box=\box62
\multicol@leftmargin=\dimen160
\c@unbalance=\count282
\c@collectmore=\count283
\doublecol@number=\count284
\multicoltolerance=\count285
\multicolpretolerance=\count286
\full@width=\dimen161
\page@free=\dimen162
\premulticols=\dimen163
\postmulticols=\dimen164
\multicolsep=\skip60
\multicolbaselineskip=\skip61
\partial@page=\box63
\last@line=\box64
\maxbalancingoverflow=\dimen165
\mult@rightbox=\box65
\mult@grightbox=\box66
\mult@firstbox=\box67
\mult@gfirstbox=\box68
\@tempa=\box69
\@tempa=\box70
\@tempa=\box71
\@tempa=\box72
\@tempa=\box73
\@tempa=\box74
\@tempa=\box75
\@tempa=\box76
\@tempa=\box77
\@tempa=\box78
\@tempa=\box79
\@tempa=\box80
\@tempa=\box81
\@tempa=\box82
\@tempa=\box83
\@tempa=\box84
\@tempa=\box85
\@tempa=\box86
\@tempa=\box87
\@tempa=\box88
\@tempa=\box89
\@tempa=\box90
\@tempa=\box91
\@tempa=\box92
\@tempa=\box93
\@tempa=\box94
\@tempa=\box95
\@tempa=\box96
\@tempa=\box97
\@tempa=\box98
\@tempa=\box99
\@tempa=\box100
\@tempa=\box101
\@tempa=\box102
\@tempa=\box103
\@tempa=\box104
\c@minrows=\count287
\c@columnbadness=\count288
\c@finalcolumnbadness=\count289
\last@try=\dimen166
\multicolovershoot=\dimen167
\multicolundershoot=\dimen168
\mult@nat@firstbox=\box105
\colbreak@box=\box106
\mc@col@check@num=\count290
)
(/usr/share/texlive/texmf-dist/tex/latex/multirow/multirow.sty
Package: multirow 2021/03/15 v2.8 Span multiple rows of a table
\multirow@colwidth=\skip62
\multirow@cntb=\count291
\multirow@dima=\skip63
\bigstrutjot=\dimen169
)
(/usr/share/texlive/texmf-dist/tex/latex/hanging/hanging.sty
Package: hanging 2009/09/02 v1.2b hanging paragraphs and punctuation
\h@ngcommawd=\skip64
\h@ngfstopwd=\skip65
\h@ngquotewd=\skip66
\h@ngdquotewd=\skip67
\h@ngquerywd=\skip68
\h@ngexclwd=\skip69
\h@ngcolonwd=\skip70
\h@ngscolonwd=\skip71
)
(/usr/share/texlive/texmf-dist/tex/generic/iftex/ifpdf.sty
Package: ifpdf 2019/10/25 v3.4 ifpdf legacy package. Use iftex instead.

(/usr/share/texlive/texmf-dist/tex/generic/iftex/iftex.sty
Package: iftex 2020/03/06 v1.0d TeX engine tests
))
(/usr/share/texlive/texmf-dist/tex/latex/adjustbox/adjustbox.sty
Package: adjustbox 2020/08/19 v1.3 Adjusting TeX boxes (trim, clip, ...)

(/usr/share/texlive/texmf-dist/tex/latex/xkeyval/xkeyval.sty
Package: xkeyval 2020/11/20 v2.8 package option processing (HA)

(/usr/share/texlive/texmf-dist/tex/generic/xkeyval/xkeyval.tex
(/usr/share/texlive/texmf-dist/tex/generic/xkeyval/xkvutils.tex
\XKV@toks=\toks27
\XKV@tempa@toks=\toks28
)
\XKV@depth=\count292
File: xkeyval.tex 2014/12/03 v2.7a key=value parser (HA)
))
(/usr/share/texlive/texmf-dist/tex/latex/adjustbox/adjcalc.sty
Package: adjcalc 2012/05/16 v1.1 Provides advanced setlength with multiple back
-ends (calc, etex, pgfmath)
)
(/usr/share/texlive/texmf-dist/tex/latex/adjustbox/trimclip.sty
Package: trimclip 2020/08/19 v1.2 Trim and clip general TeX material

(/usr/share/texlive/texmf-dist/tex/latex/graphics/graphicx.sty
Package: graphicx 2021/09/16 v1.2d Enhanced LaTeX Graphics (DPC,SPQR)

(/usr/share/texlive/texmf-dist/tex/latex/graphics/graphics.sty
Package: graphics 2021/03/04 v1.4d Standard LaTeX Graphics (DPC,SPQR)

(/usr/share/texlive/texmf-dist/tex/latex/graphics/trig.sty
Package: trig 2021/08/11 v1.11 sin cos tan (DPC)
)
(/usr/share/texlive/texmf-dist/tex/latex/graphics-cfg/graphics.cfg
File: graphics.cfg 2016/06/04 v1.11 sample graphics configuration
)
Package graphics Info: Driver file: pdftex.def on input line 107.
)
\Gin@req@height=\dimen170
\Gin@req@width=\dimen171
)
(/usr/share/texlive/texmf-dist/tex/latex/collectbox/collectbox.sty
Package: collectbox 2012/05/17 v0.4b Collect macro arguments as boxes
\collectedbox=\box107
)
\tc@llx=\dimen172
\tc@lly=\dimen173
\tc@urx=\dimen174
\tc@ury=\dimen175
Package trimclip Info: Using driver 'tc-pdftex.def'.

(/usr/share/texlive/texmf-dist/tex/latex/adjustbox/tc-pdftex.def
File: tc-pdftex.def 2019/01/04 v2.2 Clipping driver for pdftex
))
\adjbox@Width=\dimen176
\adjbox@Height=\dimen177
\adjbox@Depth=\dimen178
\adjbox@Totalheight=\dimen179
\adjbox@pwidth=\dimen180
\adjbox@pheight=\dimen181
\adjbox@pdepth=\dimen182
\adjbox@ptotalheight=\dimen183

(/usr/share/texlive/texmf-dist/tex/latex/ifoddpage/ifoddpage.sty
Package: ifoddpage 2016/04/23 v1.1 Conditionals for odd/even page detection
\c@checkoddpage=\count293
))
(/usr/share/texlive/texmf-dist/tex/latex/amsfonts/amssymb.sty
Package: amssymb 2013/01/14 v3.01 AMS font symbols

(/usr/share/texlive/texmf-dist/tex/latex/amsfonts/amsfonts.sty
Package: amsfonts 2013/01/14 v3.01 Basic AMSFonts support
\@emptytoks=\toks29
\symAMSa=\mathgroup4
\symAMSb=\mathgroup5
LaTeX Font Info:    Redeclaring math symbol \hbar on input line 98.
LaTeX Font Info:    Overwriting math alphabet `\mathfrak' in version `bold'
(Font)                  U/euf/m/n --> U/euf/b/n on input line 106.
))
(/usr/share/texlive/texmf-dist/tex/latex/stackengine/stackengine.sty
Package: stackengine 2021/07/22 v4.11\ Stacking text and objects in convenient 
ways

(/usr/share/texlive/texmf-dist/tex/latex/etoolbox/etoolbox.sty
Package: etoolbox 2020/10/05 v2.5k e-TeX tools for LaTeX (JAW)
\etb@tempcnta=\count294
)
(/usr/share/texlive/texmf-dist/tex/generic/listofitems/listofitems.sty
(/usr/share/texlive/texmf-dist/tex/generic/listofitems/listofitems.tex
\loi_cnt_foreach_nest=\count295
\loi_nestcnt=\count296
)
Package: listofitems 2019/08/21 v1.63 Grab items in lists using user-specified 
sep char (CT)
)
\c@@stackindex=\count297
\@boxshift=\skip72
\stack@tmplength=\skip73
\temp@stkl=\skip74
\@stackedboxwidth=\skip75
\@addedbox=\box108
\@anchorbox=\box109
\@insetbox=\box110
\se@backgroundbox=\box111
\stackedbox=\box112
\@centerbox=\box113
\c@ROWcellindex@=\count298
)
(/usr/share/texlive/texmf-dist/tex/generic/ulem/ulem.sty
\UL@box=\box114
\UL@hyphenbox=\box115
\UL@skip=\skip76
\UL@hook=\toks30
\UL@height=\dimen184
\UL@pe=\count299
\UL@pixel=\dimen185
\ULC@box=\box116
Package: ulem 2019/11/18
\ULdepth=\dimen186
)
\xrefbox=\box117
\xreflength=\skip77
\CodeWidthChar=\skip78
\CodeHeightChar=\skip79
\DoxyCodeWidth=\skip80
)
(/usr/share/texlive/texmf-dist/tex/latex/base/inputenc.sty
Package: inputenc 2021/02/14 v1.3d Input encoding file
\inpenc@prehook=\toks31
\inpenc@posthook=\toks32
)
(/usr/share/texlive/texmf-dist/tex/latex/base/makeidx.sty
Package: makeidx 2021/10/04 v1.0m Standard LaTeX package
)
(/usr/share/texlive/texmf-dist/tex/latex/base/textcomp.sty
Package: textcomp 2020/02/02 v2.0n Standard LaTeX package
)
(/usr/share/texlive/texmf-dist/tex/latex/wasysym/wasysym.sty
Package: wasysym 2020/01/19 v2.4 Wasy-2 symbol support package
\symwasy=\mathgroup6
LaTeX Font Info:    Overwriting symbol font `wasy' in version `bold'
(Font)                  U/wasy/m/n --> U/wasy/b/n on input line 93.
)
(/usr/share/texlive/texmf-dist/tex/generic/iftex/ifxetex.sty
Package: ifxetex 2019/10/25 v0.7 ifxetex legacy package. Use iftex instead.
)
(/usr/share/texlive/texmf-dist/tex/latex/base/fontenc.sty
Package: fontenc 2021/04/29 v2.0v Standard LaTeX package
)
(/usr/share/texlive/texmf-dist/tex/latex/psnfss/helvet.sty
Package: helvet 2020/03/25 PSNFSS-v9.3 (WaS) 
)
(/usr/share/texlive/texmf-dist/tex/latex/psnfss/courier.sty
Package: courier 2020/03/25 PSNFSS-v9.3 (WaS) 
)
(/usr/share/texlive/texmf-dist/tex/latex/sectsty/sectsty.sty
Package: sectsty 2002/02/25 v2.0.2 Commands to change all sectional heading sty
les


LaTeX Warning: Command \underbar  has changed.
               Check if current package is valid.


LaTeX Warning: Command \underline  has changed.
               Check if current package is valid.

) (/usr/share/texlive/texmf-dist/tex/latex/geometry/geometry.sty
Package: geometry 2020/01/02 v5.9 Page Geometry

(/usr/share/texlive/texmf-dist/tex/generic/iftex/ifvtex.sty
Package: ifvtex 2019/10/25 v1.7 ifvtex legacy package. Use iftex instead.
)
\Gm@cnth=\count300
\Gm@cntv=\count301
\c@Gm@tempcnt=\count302
\Gm@bindingoffset=\dimen187
\Gm@wd@mp=\dimen188
\Gm@odd@mp=\dimen189
\Gm@even@mp=\dimen190
\Gm@layoutwidth=\dimen191
\Gm@layoutheight=\dimen192
\Gm@layouthoffset=\dimen193
\Gm@layoutvoffset=\dimen194
\Gm@dimlist=\toks33
)
(/usr/share/texlive/texmf-dist/tex/latex/fancyhdr/fancyhdr.sty
Package: fancyhdr 2021/01/28 v4.0.1 Extensive control of page headers and foote
rs
\f@nch@headwidth=\skip81
\f@nch@O@elh=\skip82
\f@nch@O@erh=\skip83
\f@nch@O@olh=\skip84
\f@nch@O@orh=\skip85
\f@nch@O@elf=\skip86
\f@nch@O@erf=\skip87
\f@nch@O@olf=\skip88
\f@nch@O@orf=\skip89
)
(/usr/share/texlive/texmf-dist/tex/latex/natbib/natbib.sty
Package: natbib 2010/09/13 8.31b (PWD, AO)
\bibhang=\skip90
\bibsep=\skip91
LaTeX Info: Redefining \cite on input line 694.
\c@NAT@ctr=\count303
)
(/usr/share/texlive/texmf-dist/tex/latex/tocloft/tocloft.sty
Package: tocloft 2017/08/31 v2.3i parameterised ToC, etc., typesetting
Package tocloft Info: The document has chapter divisions on input line 51.
\cftparskip=\skip92
\cftbeforetoctitleskip=\skip93
\cftaftertoctitleskip=\skip94
\cftbeforepartskip=\skip95
\cftpartnumwidth=\skip96
\cftpartindent=\skip97
\cftbeforechapskip=\skip98
\cftchapindent=\skip99
\cftchapnumwidth=\skip100
\cftbeforesecskip=\skip101
\cftsecindent=\skip102
\cftsecnumwidth=\skip103
\cftbeforesubsecskip=\skip104
\cftsubsecindent=\skip105
\cftsubsecnumwidth=\skip106
\cftbeforesubsubsecskip=\skip107
\cftsubsubsecindent=\skip108
\cftsubsubsecnumwidth=\skip109
\cftbeforeparaskip=\skip110
\cftparaindent=\skip111
\cftparanumwidth=\skip112
\cftbeforesubparaskip=\skip113
\cftsubparaindent=\skip114
\cftsubparanumwidth=\skip115
\cftbeforeloftitleskip=\skip116
\cftafterloftitleskip=\skip117
\cftbeforefigskip=\skip118
\cftfigindent=\skip119
\cftfignumwidth=\skip120
\c@lofdepth=\count304
\c@lotdepth=\count305
\cftbeforelottitleskip=\skip121
\cftafterlottitleskip=\skip122
\cftbeforetabskip=\skip123
\cfttabindent=\skip124
\cfttabnumwidth=\skip125
)
\@indexfile=\write4
\openout4 = `refman.idx'.


Writing index file refman.idx
(/usr/share/texlive/texmf-dist/tex/latex/newunicodechar/newunicodechar.sty
Package: newunicodechar 2018/04/08 v1.2 Defining Unicode characters
)

Package newunicodechar Warning: Redefining Unicode character on input line 115.



Package newunicodechar Warning: Redefining Unicode character on input line 116.


(/usr/share/texlive/texmf-dist/tex/latex/hyperref/hyperref.sty
Package: hyperref 2021-06-07 v7.00m Hypertext links for LaTeX

(/usr/share/texlive/texmf-dist/tex/generic/ltxcmds/ltxcmds.sty
Package: ltxcmds 2020-05-10 v1.25 LaTeX kernel commands for general use (HO)
)
(/usr/share/texlive/texmf-dist/tex/generic/pdftexcmds/pdftexcmds.sty
Package: pdftexcmds 2020-06-27 v0.33 Utility functions of pdfTeX for LuaTeX (HO
)

(/usr/share/texlive/texmf-dist/tex/generic/infwarerr/infwarerr.sty
Package: infwarerr 2019/12/03 v1.5 Providing info/warning/error messages (HO)
)
Package pdftexcmds Info: \pdf@primitive is available.
Package pdftexcmds Info: \pdf@ifprimitive is available.
Package pdftexcmds Info: \pdfdraftmode found.
)
(/usr/share/texlive/texmf-dist/tex/generic/kvsetkeys/kvsetkeys.sty
Package: kvsetkeys 2019/12/15 v1.18 Key value parser (HO)
)
(/usr/share/texlive/texmf-dist/tex/generic/kvdefinekeys/kvdefinekeys.sty
Package: kvdefinekeys 2019-12-19 v1.6 Define keys (HO)
)
(/usr/share/texlive/texmf-dist/tex/generic/pdfescape/pdfescape.sty
Package: pdfescape 2019/12/09 v1.15 Implements pdfTeX's escape features (HO)
)
(/usr/share/texlive/texmf-dist/tex/latex/hycolor/hycolor.sty
Package: hycolor 2020-01-27 v1.10 Color options for hyperref/bookmark (HO)
)
(/usr/share/texlive/texmf-dist/tex/latex/letltxmacro/letltxmacro.sty
Package: letltxmacro 2019/12/03 v1.6 Let assignment for LaTeX macros (HO)
)
(/usr/share/texlive/texmf-dist/tex/latex/auxhook/auxhook.sty
Package: auxhook 2019-12-17 v1.6 Hooks for auxiliary files (HO)
)
(/usr/share/texlive/texmf-dist/tex/latex/kvoptions/kvoptions.sty
Package: kvoptions 2020-10-07 v3.14 Key value format for package options (HO)
)
\@linkdim=\dimen195
\Hy@linkcounter=\count306
\Hy@pagecounter=\count307

(/usr/share/texlive/texmf-dist/tex/latex/hyperref/pd1enc.def
File: pd1enc.def 2021-06-07 v7.00m Hyperref: PDFDocEncoding definition (HO)
Now handling font encoding PD1 ...
... no UTF-8 mapping file for font encoding PD1
)
(/usr/share/texlive/texmf-dist/tex/latex/hyperref/hyperref-langpatches.def
File: hyperref-langpatches.def 2021-06-07 v7.00m Hyperref: patches for babel la
nguages
)
(/usr/share/texlive/texmf-dist/tex/generic/intcalc/intcalc.sty
Package: intcalc 2019/12/15 v1.3 Expandable calculations with integers (HO)
)
(/usr/share/texlive/texmf-dist/tex/generic/etexcmds/etexcmds.sty
Package: etexcmds 2019/12/15 v1.7 Avoid name clashes with e-TeX commands (HO)
)
\Hy@SavedSpaceFactor=\count308

(/usr/share/texlive/texmf-dist/tex/latex/hyperref/puenc.def
File: puenc.def 2021-06-07 v7.00m Hyperref: PDF Unicode definition (HO)
Now handling font encoding PU ...
... no UTF-8 mapping file for font encoding PU
)
Package hyperref Info: Hyper figures OFF on input line 4192.
Package hyperref Info: Link nesting OFF on input line 4197.
Package hyperref Info: Hyper index ON on input line 4200.
Package hyperref Info: Plain pages OFF on input line 4207.
Package hyperref Info: Backreferencing ON on input line 4210.
Package hyperref Info: Implicit mode ON; LaTeX internals redefined.
Package hyperref Info: Bookmarks ON on input line 4445.

(/usr/share/texlive/texmf-dist/tex/latex/hyperref/backref.sty
Package: backref 2021/02/04 v1.41 Bibliographical back referencing

(/usr/share/texlive/texmf-dist/tex/latex/rerunfilecheck/rerunfilecheck.sty
Package: rerunfilecheck 2019/12/05 v1.9 Rerun checks for auxiliary files (HO)

(/usr/share/texlive/texmf-dist/tex/latex/base/atveryend-ltx.sty
Package: atveryend-ltx 2020/08/19 v1.0a Emulation of the original atveryend pac
kage
with kernel methods
)
(/usr/share/texlive/texmf-dist/tex/generic/uniquecounter/uniquecounter.sty
Package: uniquecounter 2019/12/15 v1.4 Provide unlimited unique counter (HO)

(/usr/share/texlive/texmf-dist/tex/generic/bigintcalc/bigintcalc.sty
Package: bigintcalc 2019/12/15 v1.5 Expandable calculations on big integers (HO
)
))
Package uniquecounter Info: New unique counter `rerunfilecheck' on input line 2
86.
))
\c@Hy@tempcnt=\count309

(/usr/share/texlive/texmf-dist/tex/latex/url/url.sty
\Urlmuskip=\muskip16
Package: url 2013/09/16  ver 3.4  Verb mode for urls, etc.
)
LaTeX Info: Redefining \url on input line 4804.
\XeTeXLinkMargin=\dimen196

(/usr/share/texlive/texmf-dist/tex/generic/bitset/bitset.sty
Package: bitset 2019/12/09 v1.3 Handle bit-vector datatype (HO)
)
\Fld@menulength=\count310
\Field@Width=\dimen197
\Fld@charsize=\dimen198
Package hyperref Info: Hyper figures OFF on input line 6076.
Package hyperref Info: Link nesting OFF on input line 6081.
Package hyperref Info: Hyper index ON on input line 6084.
Package hyperref Info: backreferencing ON on input line 6089.
Package hyperref Info: Link coloring OFF on input line 6096.
Package hyperref Info: Link coloring with OCG OFF on input line 6101.
Package hyperref Info: PDF/A mode OFF on input line 6106.
LaTeX Info: Redefining \ref on input line 6146.
LaTeX Info: Redefining \pageref on input line 6150.

(/usr/share/texlive/texmf-dist/tex/latex/base/atbegshi-ltx.sty
Package: atbegshi-ltx 2021/01/10 v1.0c Emulation of the original atbegshi
package with kernel methods
)
\Hy@abspage=\count311
\c@Item=\count312
\c@Hfootnote=\count313


LaTeX Warning: Command \LT@p@ftntext  has changed.
               Check if current package is valid.

)
Package hyperref Info: Driver: hpdftex.
 (/usr/share/texlive/texmf-dist/tex/latex/hyperref/hpdftex.def
File: hpdftex.def 2021-06-07 v7.00m Hyperref driver for pdfTeX
\Fld@listcount=\count314
\c@bookmark@seq@number=\count315
\Hy@SectionHShift=\skip126
)
Package hyperref Info: Option `colorlinks' set `true' on input line 134.
Package hyperref Info: Option `unicode' set `true' on input line 134.

(/usr/share/texlive/texmf-dist/tex/latex/caption/caption.sty
Package: caption 2020/10/26 v3.5g Customizing captions (AR)

(/usr/share/texlive/texmf-dist/tex/latex/caption/caption3.sty
Package: caption3 2020/10/21 v2.2e caption3 kernel (AR)
\captionmargin=\dimen199
\captionmargin@=\dimen256
\captionwidth=\dimen257
\caption@tempdima=\dimen258
\caption@indent=\dimen259
\caption@parindent=\dimen260
\caption@hangindent=\dimen261
Package caption Info: Standard document class detected.
)
\c@caption@flags=\count316
\c@continuedfloat=\count317
Package caption Info: float package is loaded.
Package caption Info: hyperref package is loaded.
Package caption Info: longtable package is loaded.

(/usr/share/texlive/texmf-dist/tex/latex/caption/ltcaption.sty
Package: ltcaption 2020/05/30 v1.4b longtable captions (AR)
))
(/usr/share/texlive/texmf-dist/tex/latex/etoc/etoc.sty
Package: etoc 2021/09/23 v1.09e Completely customisable TOCs (JFB)
\Etoc@toctoks=\toks34
\c@etoc@tocid=\count318
\c@etoc@tocdepth=\count319
\etoc@framed@titlebox=\box118
\etoc@framed@contentsbox=\box119
)
LaTeX Font Info:    Trying to load font information for T1+phv on input line 14
9.

(/usr/share/texlive/texmf-dist/tex/latex/psnfss/t1phv.fd
File: t1phv.fd 2020/03/25 scalable font definitions for T1/phv.
)
LaTeX Font Info:    Font shape `T1/phv/m/n' will be
(Font)              scaled to size 8.99994pt on input line 149.

(/usr/share/texlive/texmf-dist/tex/latex/l3backend/l3backend-pdftex.def
File: l3backend-pdftex.def 2022-01-12 L3 backend support: PDF output (pdfTeX)
\l__color_backend_stack_int=\count320
\l__pdf_internal_box=\box120
)
(./refman.aux)
\openout1 = `refman.aux'.

LaTeX Font Info:    Checking defaults for OML/cmm/m/it on input line 149.
LaTeX Font Info:    ... okay on input line 149.
LaTeX Font Info:    Checking defaults for OMS/cmsy/m/n on input line 149.
LaTeX Font Info:    ... okay on input line 149.
LaTeX Font Info:    Checking defaults for OT1/cmr/m/n on input line 149.
LaTeX Font Info:    ... okay on input line 149.
LaTeX Font Info:    Checking defaults for T1/cmr/m/n on input line 149.
LaTeX Font Info:    ... okay on input line 149.
LaTeX Font Info:    Checking defaults for TS1/cmr/m/n on input line 149.
LaTeX Font Info:    ... okay on input line 149.
LaTeX Font Info:    Checking defaults for OMX/cmex/m/n on input line 149.
LaTeX Font Info:    ... okay on input line 149.
LaTeX Font Info:    Checking defaults for U/cmr/m/n on input line 149.
LaTeX Font Info:    ... okay on input line 149.
LaTeX Font Info:    Checking defaults for PD1/pdf/m/n on input line 149.
LaTeX Font Info:    ... okay on input line 149.
LaTeX Font Info:    Checking defaults for PU/pdf/m/n on input line 149.
LaTeX Font Info:    ... okay on input line 149.

(/usr/share/texlive/texmf-dist/tex/context/base/mkii/supp-pdf.mkii
[Loading MPS to PDF converter (version 2006.09.02).]
\scratchcounter=\count321
\scratchdimen=\dimen262
\scratchbox=\box121
\nofMPsegments=\count322
\nofMParguments=\count323
\everyMPshowfont=\toks35
\MPscratchCnt=\count324
\MPscratchDim=\dimen263
\MPnumerator=\count325
\makeMPintoPDFobject=\count326
\everyMPtoPDFconversion=\toks36
) (/usr/share/texlive/texmf-dist/tex/latex/epstopdf-pkg/epstopdf-base.sty
Package: epstopdf-base 2020-01-24 v2.11 Base part for package epstopdf
Package epstopdf-base Info: Redefining graphics rule for `.eps' on input line 4
85.

(/usr/share/texlive/texmf-dist/tex/latex/latexconfig/epstopdf-sys.cfg
File: epstopdf-sys.cfg 2010/07/13 v1.3 Configuration of (r)epstopdf for TeX Liv
e
))
*geometry* driver: auto-detecting
*geometry* detected driver: pdftex
*geometry* verbose mode - [ preamble ] result:
* driver: pdftex
* paper: a4paper
* layout: <same size as paper>
* layoutoffset:(h,v)=(0.0pt,0.0pt)
* modes: twoside 
* h-part:(L,W,R)=(71.13188pt, 455.24411pt, 71.13188pt)
* v-part:(T,H,B)=(71.13188pt, 702.78308pt, 71.13188pt)
* \paperwidth=597.50787pt
* \paperheight=845.04684pt
* \textwidth=455.24411pt
* \textheight=702.78308pt
* \oddsidemargin=-1.1381pt
* \evensidemargin=-1.1381pt
* \topmargin=-31.2056pt
* \headheight=12.0pt
* \headsep=18.06749pt
* \topskip=10.0pt
* \footskip=25.29494pt
* \marginparwidth=125.0pt
* \marginparsep=7.0pt
* \columnsep=10.0pt
* \skip\footins=9.0pt plus 4.0pt minus 2.0pt
* \hoffset=0.0pt
* \voffset=0.0pt
* \mag=1000
* \@twocolumnfalse
* \@twosidetrue
* \@mparswitchtrue
* \@reversemarginfalse
* (1in=72.27pt=25.4mm, 1cm=28.453pt)

Package hyperref Info: Link coloring ON on input line 149.
(/usr/share/texlive/texmf-dist/tex/latex/hyperref/nameref.sty
Package: nameref 2021-04-02 v2.47 Cross-referencing by name of section

(/usr/share/texlive/texmf-dist/tex/latex/refcount/refcount.sty
Package: refcount 2019/12/15 v3.6 Data extraction from label references (HO)
)
(/usr/share/texlive/texmf-dist/tex/generic/gettitlestring/gettitlestring.sty
Package: gettitlestring 2019/12/15 v1.6 Cleanup title references (HO)
)
\c@section@level=\count327
)
LaTeX Info: Redefining \ref on input line 149.
LaTeX Info: Redefining \pageref on input line 149.
LaTeX Info: Redefining \nameref on input line 149.

(./refman.out) (./refman.out)
\@outlinefile=\write5
\openout5 = `refman.out'.

Package backref Info: ** backref set up for natbib ** on input line 149.
Package caption Info: Begin \AtBeginDocument code.
Package caption Info: End \AtBeginDocument code.
\Etoc@tf=\read4
Package hyperref Info: Option `pageanchor' set `false' on input line 156.
Package hyperref Info: Option `bookmarksnumbered' set `true' on input line 156.

Package hyperref Info: Option `unicode' set `true' on input line 156.
LaTeX Font Info:    Font shape `T1/phv/m/n' will be
(Font)              scaled to size 12.9599pt on input line 161.
LaTeX Font Info:    Font shape `T1/phv/m/n' will be
(Font)              scaled to size 6.29996pt on input line 161.
LaTeX Font Info:    Trying to load font information for U+msa on input line 161
.

(/usr/share/texlive/texmf-dist/tex/latex/amsfonts/umsa.fd
File: umsa.fd 2013/01/14 v3.01 AMS symbols A
)
LaTeX Font Info:    Trying to load font information for U+msb on input line 161
.

(/usr/share/texlive/texmf-dist/tex/latex/amsfonts/umsb.fd
File: umsb.fd 2013/01/14 v3.01 AMS symbols B
)
LaTeX Font Info:    Trying to load font information for U+wasy on input line 16
1.

(/usr/share/texlive/texmf-dist/tex/latex/wasysym/uwasy.fd
File: uwasy.fd 2020/01/19 v2.4 Wasy-2 symbol font definitions
)
LaTeX Font Info:    Font shape `T1/phv/m/n' will be
(Font)              scaled to size 10.79993pt on input line 163.
 [1


{/var/lib/texmf/fonts/map/pdftex/updmap/pdftex.map}] [2

]
\tf@toc=\write6
\openout6 = `refman.toc'.

LaTeX Font Info:    Font shape `T1/phv/b/n' will be
(Font)              scaled to size 8.99994pt on input line 169.
LaTeX Font Info:    Font shape `T1/phv/b/n' will be
(Font)              scaled to size 6.29996pt on input line 169.
 [1] [2] [3] [4] [5]
LaTeX Font Info:    Font shape `T1/phv/m/n' will be
(Font)              scaled to size 7.19995pt on input line 169.
LaTeX Font Info:    Trying to load font information for T1+pcr on input line 16
9.

(/usr/share/texlive/texmf-dist/tex/latex/psnfss/t1pcr.fd
File: t1pcr.fd 2001/06/04 font definitions for T1/pcr.
) [6] [7] [8] [9]
[10

]
Package hyperref Info: Option `pageanchor' set `true' on input line 171.

Chapter 1.
LaTeX Font Info:    Font shape `T1/phv/m/n' will be
(Font)              scaled to size 18.66588pt on input line 174.
LaTeX Font Info:    Font shape `T1/phv/b/n' will be
(Font)              scaled to size 18.66588pt on input line 174.
LaTeX Font Info:    Font shape `T1/phv/bc/n' will be
(Font)              scaled to size 18.66588pt on input line 174.
LaTeX Font Info:    Font shape `T1/phv/m/n' will be
(Font)              scaled to size 22.39185pt on input line 174.
LaTeX Font Info:    Font shape `T1/phv/b/n' will be
(Font)              scaled to size 22.39185pt on input line 174.
LaTeX Font Info:    Font shape `T1/phv/bc/n' will be
(Font)              scaled to size 22.39185pt on input line 174.
(./namespaces.tex
LaTeX Font Info:    Font shape `T1/phv/b/n' will be
(Font)              scaled to size 12.9599pt on input line 1.
) [1

] [2

]
Chapter 2.
(./hierarchy.tex) [3] [4

]
Chapter 3.
(./annotated.tex) [5] [6

]
Chapter 4.
(./files.tex [7]) [8]
Chapter 5.
(./namespaceRegisters.tex
LaTeX Font Info:    Font shape `T1/phv/b/n' will be
(Font)              scaled to size 10.79993pt on input line 3.
LaTeX Font Info:    Trying to load font information for TS1+phv on input line 6
.

(/usr/share/texlive/texmf-dist/tex/latex/psnfss/ts1phv.fd
File: ts1phv.fd 2020/03/25 scalable font definitions for TS1/phv.
)
LaTeX Font Info:    Font shape `TS1/phv/m/n' will be
(Font)              scaled to size 8.99994pt on input line 6.
 [9

] [10]) [11]
[12

]
Chapter 6.
(./structCompass_1_1CalibrationValues.tex <./structCompass_1_1CalibrationValues
__coll__graph.pdf

pdfTeX warning: pdflatex (file ./structCompass_1_1CalibrationValues__coll__grap
h.pdf): PDF inclusion: multiple pdfs with page group included in a single page
>
<structCompass_1_1CalibrationValues__coll__graph.pdf, id=2247, 233.87375pt x 27
7.035pt>
File: structCompass_1_1CalibrationValues__coll__graph.pdf Graphic file (type pd
f)
<use structCompass_1_1CalibrationValues__coll__graph.pdf>
Package pdftex.def Info: structCompass_1_1CalibrationValues__coll__graph.pdf  u
sed on input line 13.
(pdftex.def)             Requested size: 233.0pt x 276.01555pt.
 [13]) (./classCaptureFrame.tex <./classCaptureFrame__coll__graph.pdf>
<classCaptureFrame__coll__graph.pdf, id=2273, 235.88126pt x 299.1175pt>
File: classCaptureFrame__coll__graph.pdf Graphic file (type pdf)
<use classCaptureFrame__coll__graph.pdf>
Package pdftex.def Info: classCaptureFrame__coll__graph.pdf  used on input line
 13.
(pdftex.def)             Requested size: 235.0pt x 298.0031pt.

[14]
LaTeX Font Info:    Font shape `T1/phv/m/n' will be
(Font)              scaled to size 8.09995pt on input line 37.
LaTeX Font Info:    Font shape `T1/phv/m/it' in size <9> not available
(Font)              Font shape `T1/phv/m/sl' tried instead on input line 37.
LaTeX Font Info:    Font shape `T1/phv/m/sl' will be
(Font)              scaled to size 8.09995pt on input line 37.
 [15]
Underfull \hbox (badness 10000) in paragraph at lines 53--54
\T1/pcr/m/n/8 using [] = std[]::function$\OML/cmm/m/it/8 <$\T1/pcr/m/n/8 void (
std[]::shared[]_[]ptr$\OML/cmm/m/it/8 <$[]$>$ \T1/pcr/m/n/8 img,
 []

LaTeX Font Info:    Font shape `T1/pcr/m/it' in size <8> not available
(Font)              Font shape `T1/pcr/m/sl' tried instead on input line 77.
LaTeX Font Info:    Font shape `T1/pcr/m/it' in size <7> not available
(Font)              Font shape `T1/pcr/m/sl' tried instead on input line 77.
[16]
Underfull \hbox (badness 10000) detected at line 98
[][][]
 []

) (./classCompass.tex <./classCompass__coll__graph.pdf

pdfTeX warning: pdflatex (file ./classCompass__coll__graph.pdf): PDF inclusion:
 multiple pdfs with page group included in a single page
>
<classCompass__coll__graph.pdf, id=2338, 169.63374pt x 160.6pt>
File: classCompass__coll__graph.pdf Graphic file (type pdf)
<use classCompass__coll__graph.pdf>
Package pdftex.def Info: classCompass__coll__graph.pdf  used on input line 13.
(pdftex.def)             Requested size: 169.0pt x 160.00655pt.
 [17] [18]
Underfull \hbox (badness 10000) detected at line 91
[][][]
 []

) (./structCompass_1_1CompassValues.tex <./structCompass_1_1CompassValues__coll
__graph.pdf

pdfTeX warning: pdflatex (file ./structCompass_1_1CompassValues__coll__graph.pd
f): PDF inclusion: multiple pdfs with page group included in a single page
>
<structCompass_1_1CompassValues__coll__graph.pdf, id=2382, 225.84375pt x 265.99
374pt>
File: structCompass_1_1CompassValues__coll__graph.pdf Graphic file (type pdf)
<use structCompass_1_1CompassValues__coll__graph.pdf>
Package pdftex.def Info: structCompass_1_1CompassValues__coll__graph.pdf  used 
on input line 13.
(pdftex.def)             Requested size: 225.0pt x 265.01492pt.
 [19]) (./classDetector.tex <./classDetector__coll__graph.pdf>
<classDetector__coll__graph.pdf, id=2401, 166.6225pt x 160.6pt>
File: classDetector__coll__graph.pdf Graphic file (type pdf)
<use classDetector__coll__graph.pdf>
Package pdftex.def Info: classDetector__coll__graph.pdf  used on input line 13.

(pdftex.def)             Requested size: 166.0pt x 160.01146pt.
 [20])
(./classDistanceSensors.tex <./classDistanceSensors__coll__graph.pdf>
<classDistanceSensors__coll__graph.pdf, id=2430, 205.76875pt x 160.6pt>
File: classDistanceSensors__coll__graph.pdf Graphic file (type pdf)
<use classDistanceSensors__coll__graph.pdf>
Package pdftex.def Info: classDistanceSensors__coll__graph.pdf  used on input l
ine 13.
(pdftex.def)             Requested size: 205.0pt x 160.00165pt.
 [21]
Underfull \hbox (badness 10000) detected at line 53
[][][]
 []

) (./classDriver.tex [22] <./classDriver__coll__graph.pdf>
<classDriver__coll__graph.pdf, id=2463, 154.5775pt x 160.6pt>
File: classDriver__coll__graph.pdf Graphic file (type pdf)
<use classDriver__coll__graph.pdf>
Package pdftex.def Info: classDriver__coll__graph.pdf  used on input line 13.
(pdftex.def)             Requested size: 154.0pt x 160.0139pt.
 [23])
(./classFrameProcessor.tex [24] <./classFrameProcessor__coll__graph.pdf

pdfTeX warning: pdflatex (file ./classFrameProcessor__coll__graph.pdf): PDF inc
lusion: multiple pdfs with page group included in a single page
>
<classFrameProcessor__coll__graph.pdf, id=2503, 202.7575pt x 171.64125pt>
File: classFrameProcessor__coll__graph.pdf Graphic file (type pdf)
<use classFrameProcessor__coll__graph.pdf>
Package pdftex.def Info: classFrameProcessor__coll__graph.pdf  used on input li
ne 13.
(pdftex.def)             Requested size: 202.0pt x 171.00438pt.
 [25]
Underfull \hbox (badness 10000) detected at line 55
[][][]
 []

) (./classFuzzyAnd.tex <./classFuzzyAnd__inherit__graph.pdf>
<classFuzzyAnd__inherit__graph.pdf, id=2536, 198.7425pt x 310.15875pt>
File: classFuzzyAnd__inherit__graph.pdf Graphic file (type pdf)
<use classFuzzyAnd__inherit__graph.pdf>
Package pdftex.def Info: classFuzzyAnd__inherit__graph.pdf  used on input line 
13.
(pdftex.def)             Requested size: 198.0pt x 309.00795pt.
 [26] <./classFuzzyAnd__coll__graph.pdf

pdfTeX warning: pdflatex (file ./classFuzzyAnd__coll__graph.pdf): PDF inclusion
: multiple pdfs with page group included in a single page
>
<classFuzzyAnd__coll__graph.pdf, id=2548, 198.7425pt x 310.15875pt>
File: classFuzzyAnd__coll__graph.pdf Graphic file (type pdf)
<use classFuzzyAnd__coll__graph.pdf>
Package pdftex.def Info: classFuzzyAnd__coll__graph.pdf  used on input line 22.

(pdftex.def)             Requested size: 198.0pt x 309.00795pt.
 [27] [28]
Underfull \hbox (badness 10000) detected at line 75
[][][]
 []


Underfull \hbox (badness 10000) detected at line 97
[][][]
 []

) (./classFuzzyComparation.tex [29] <./classFuzzyComparation__inherit__graph.pd
f

pdfTeX warning: pdflatex (file ./classFuzzyComparation__inherit__graph.pdf): PD
F inclusion: multiple pdfs with page group included in a single page
>
<classFuzzyComparation__inherit__graph.pdf, id=2604, 214.8025pt x 310.15875pt>
File: classFuzzyComparation__inherit__graph.pdf Graphic file (type pdf)
<use classFuzzyComparation__inherit__graph.pdf>
Package pdftex.def Info: classFuzzyComparation__inherit__graph.pdf  used on inp
ut line 13.
(pdftex.def)             Requested size: 214.0pt x 309.00322pt.
 <./classFuzzyComparation__coll__graph.pdf

pdfTeX warning: pdflatex (file ./classFuzzyComparation__coll__graph.pdf): PDF i
nclusion: multiple pdfs with page group included in a single page
>
<classFuzzyComparation__coll__graph.pdf, id=2612, 214.8025pt x 310.15875pt>
File: classFuzzyComparation__coll__graph.pdf Graphic file (type pdf)
<use classFuzzyComparation__coll__graph.pdf>
Package pdftex.def Info: classFuzzyComparation__coll__graph.pdf  used on input 
line 22.
(pdftex.def)             Requested size: 214.0pt x 309.00322pt.
 [30] [31]
Underfull \hbox (badness 10000) detected at line 75
[][][]
 []

[32]
Underfull \hbox (badness 10000) detected at line 97
[][][]
 []

) (./classFuzzyCondition.tex <./classFuzzyCondition__inherit__graph.pdf

pdfTeX warning: pdflatex (file ./classFuzzyCondition__inherit__graph.pdf): PDF 
inclusion: multiple pdfs with page group included in a single page
>
<classFuzzyCondition__inherit__graph.pdf, id=2665, 323.2075pt x 310.15875pt>
File: classFuzzyCondition__inherit__graph.pdf Graphic file (type pdf)
<use classFuzzyCondition__inherit__graph.pdf>
Package pdftex.def Info: classFuzzyCondition__inherit__graph.pdf  used on input
 line 13.
(pdftex.def)             Requested size: 322.0pt x 309.01741pt.
 [33] <./classFuzzyCondition__coll__graph.pdf

pdfTeX warning: pdflatex (file ./classFuzzyCondition__coll__graph.pdf): PDF inc
lusion: multiple pdfs with page group included in a single page
>
<classFuzzyCondition__coll__graph.pdf, id=2678, 198.7425pt x 171.64125pt>
File: classFuzzyCondition__coll__graph.pdf Graphic file (type pdf)
<use classFuzzyCondition__coll__graph.pdf>
Package pdftex.def Info: classFuzzyCondition__coll__graph.pdf  used on input li
ne 22.
(pdftex.def)             Requested size: 198.0pt x 171.00438pt.
 [34] [35]
Underfull \hbox (badness 10000) detected at line 83
[][][]
 []

) (./classFuzzyControlSystem.tex <./classFuzzyControlSystem__coll__graph.pdf

pdfTeX warning: pdflatex (file ./classFuzzyControlSystem__coll__graph.pdf): PDF
 inclusion: multiple pdfs with page group included in a single page
>
<classFuzzyControlSystem__coll__graph.pdf, id=2721, 223.83624pt x 171.64125pt>
File: classFuzzyControlSystem__coll__graph.pdf Graphic file (type pdf)
<use classFuzzyControlSystem__coll__graph.pdf>
Package pdftex.def Info: classFuzzyControlSystem__coll__graph.pdf  used on inpu
t line 13.
(pdftex.def)             Requested size: 223.0pt x 171.00438pt.
 [36]
Underfull \hbox (badness 10000) in paragraph at lines 29--30

 []

[37]
Underfull \hbox (badness 10000) detected at line 64
[][][]
 []


Underfull \hbox (badness 10000) in paragraph at lines 75--76

 []


Underfull \hbox (badness 10000) detected at line 83
[][][]
 []

) (./classFuzzyInput.tex <./classFuzzyInput__inherit__graph.pdf>
<classFuzzyInput__inherit__graph.pdf, id=2768, 242.9075pt x 321.2pt>
File: classFuzzyInput__inherit__graph.pdf Graphic file (type pdf)
<use classFuzzyInput__inherit__graph.pdf>
Package pdftex.def Info: classFuzzyInput__inherit__graph.pdf  used on input lin
e 13.
(pdftex.def)             Requested size: 242.0pt x 319.99844pt.
 [38] <./classFuzzyInput__coll__graph.pdf

pdfTeX warning: pdflatex (file ./classFuzzyInput__coll__graph.pdf): PDF inclusi
on: multiple pdfs with page group included in a single page
>
<classFuzzyInput__coll__graph.pdf, id=2789, 311.1625pt x 427.5975pt>
File: classFuzzyInput__coll__graph.pdf Graphic file (type pdf)
<use classFuzzyInput__coll__graph.pdf>
Package pdftex.def Info: classFuzzyInput__coll__graph.pdf  used on input line 2
2.
(pdftex.def)             Requested size: 310.0pt x 426.00444pt.
 [39] [40]
Underfull \hbox (badness 10000) detected at line 83
[][][]
 []

) (./classFuzzyIO.tex [41] <./classFuzzyIO__inherit__graph.pdf

pdfTeX warning: pdflatex (file ./classFuzzyIO__inherit__graph.pdf): PDF inclusi
on: multiple pdfs with page group included in a single page
>
<classFuzzyIO__inherit__graph.pdf, id=2842, 305.14pt x 321.2pt>
File: classFuzzyIO__inherit__graph.pdf Graphic file (type pdf)
<use classFuzzyIO__inherit__graph.pdf>
Package pdftex.def Info: classFuzzyIO__inherit__graph.pdf  used on input line 1
3.
(pdftex.def)             Requested size: 304.0pt x 320.01314pt.
 <./classFuzzyIO__coll__graph.pdf

pdfTeX warning: pdflatex (file ./classFuzzyIO__coll__graph.pdf): PDF inclusion:
 multiple pdfs with page group included in a single page
>
<classFuzzyIO__coll__graph.pdf, id=2857, 311.1625pt x 299.1175pt>
File: classFuzzyIO__coll__graph.pdf Graphic file (type pdf)
<use classFuzzyIO__coll__graph.pdf>
Package pdftex.def Info: classFuzzyIO__coll__graph.pdf  used on input line 22.
(pdftex.def)             Requested size: 310.0pt x 298.0031pt.
 [42] [43]
Underfull \hbox (badness 10000) detected at line 73
[][][]
 []


Underfull \hbox (badness 10000) detected at line 86
[][][]
 []

[44]) (./classFuzzyMembership.tex <./classFuzzyMembership__inherit__graph.pdf

pdfTeX warning: pdflatex (file ./classFuzzyMembership__inherit__graph.pdf): PDF
 inclusion: multiple pdfs with page group included in a single page
>
<classFuzzyMembership__inherit__graph.pdf, id=2907, 280.04625pt x 431.6125pt>
File: classFuzzyMembership__inherit__graph.pdf Graphic file (type pdf)
<use classFuzzyMembership__inherit__graph.pdf>
Package pdftex.def Info: classFuzzyMembership__inherit__graph.pdf  used on inpu
t line 13.
(pdftex.def)             Requested size: 279.0pt x 430.01765pt.
 [45] <./classFuzzyMembership__coll__graph.pdf

pdfTeX warning: pdflatex (file ./classFuzzyMembership__coll__graph.pdf): PDF in
clusion: multiple pdfs with page group included in a single page
>
<classFuzzyMembership__coll__graph.pdf, id=2919, 436.63126pt x 343.2825pt>
File: classFuzzyMembership__coll__graph.pdf Graphic file (type pdf)
<use classFuzzyMembership__coll__graph.pdf>
Package pdftex.def Info: classFuzzyMembership__coll__graph.pdf  used on input l
ine 22.
(pdftex.def)             Requested size: 350.0pt x 275.17111pt.
 [46] [47]
Underfull \hbox (badness 10000) detected at line 102
[][][]
 []


Underfull \hbox (badness 10000) detected at line 119
[][][]
 []

[48]
Underfull \hbox (badness 10000) detected at line 155
[][][]
 []


Underfull \hbox (badness 10000) detected at line 168
[][][]
 []

[49]) (./classFuzzyMembershipTrapezoidal.tex <./classFuzzyMembershipTrapezoidal
__inherit__graph.pdf

pdfTeX warning: pdflatex (file ./classFuzzyMembershipTrapezoidal__inherit__grap
h.pdf): PDF inclusion: multiple pdfs with page group included in a single page
>
<classFuzzyMembershipTrapezoidal__inherit__graph.pdf, id=3003, 280.04625pt x 43
1.6125pt>
File: classFuzzyMembershipTrapezoidal__inherit__graph.pdf Graphic file (type pd
f)
<use classFuzzyMembershipTrapezoidal__inherit__graph.pdf>
Package pdftex.def Info: classFuzzyMembershipTrapezoidal__inherit__graph.pdf  u
sed on input line 13.
(pdftex.def)             Requested size: 279.0pt x 430.01765pt.
 [50] <./classFuzzyMembershipTrapezoidal__coll__graph.pdf

pdfTeX warning: pdflatex (file ./classFuzzyMembershipTrapezoidal__coll__graph.p
df): PDF inclusion: multiple pdfs with page group included in a single page
>
<classFuzzyMembershipTrapezoidal__coll__graph.pdf, id=3016, 612.2875pt x 504.88
625pt>
File: classFuzzyMembershipTrapezoidal__coll__graph.pdf Graphic file (type pdf)
<use classFuzzyMembershipTrapezoidal__coll__graph.pdf>
Package pdftex.def Info: classFuzzyMembershipTrapezoidal__coll__graph.pdf  used
 on input line 22.
(pdftex.def)             Requested size: 350.0pt x 288.60475pt.
 [51] [52]
Underfull \hbox (badness 10000) detected at line 87
[][][]
 []

[53]
Underfull \hbox (badness 10000) detected at line 104
[][][]
 []


Underfull \hbox (badness 10000) detected at line 145
[][][]
 []

) (./classFuzzyOutput.tex [54] <./classFuzzyOutput__inherit__graph.pdf

pdfTeX warning: pdflatex (file ./classFuzzyOutput__inherit__graph.pdf): PDF inc
lusion: multiple pdfs with page group included in a single page
>
<classFuzzyOutput__inherit__graph.pdf, id=3084, 242.9075pt x 321.2pt>
File: classFuzzyOutput__inherit__graph.pdf Graphic file (type pdf)
<use classFuzzyOutput__inherit__graph.pdf>
Package pdftex.def Info: classFuzzyOutput__inherit__graph.pdf  used on input li
ne 13.
(pdftex.def)             Requested size: 242.0pt x 319.99844pt.
 <./classFuzzyOutput__coll__graph.pdf

pdfTeX warning: pdflatex (file ./classFuzzyOutput__coll__graph.pdf): PDF inclus
ion: multiple pdfs with page group included in a single page
>
<classFuzzyOutput__coll__graph.pdf, id=3099, 311.1625pt x 427.5975pt>
File: classFuzzyOutput__coll__graph.pdf Graphic file (type pdf)
<use classFuzzyOutput__coll__graph.pdf>
Package pdftex.def Info: classFuzzyOutput__coll__graph.pdf  used on input line 
22.
(pdftex.def)             Requested size: 310.0pt x 426.00444pt.
 [55] [56]
Underfull \hbox (badness 10000) detected at line 68
[][][]
 []


Underfull \hbox (badness 10000) detected at line 86
[][][]
 []

) (./classFuzzyRule.tex [57] <./classFuzzyRule__coll__graph.pdf

pdfTeX warning: pdflatex (file ./classFuzzyRule__coll__graph.pdf): PDF inclusio
n: multiple pdfs with page group included in a single page
>
<classFuzzyRule__coll__graph.pdf, id=3153, 173.64874pt x 171.64125pt>
File: classFuzzyRule__coll__graph.pdf Graphic file (type pdf)
<use classFuzzyRule__coll__graph.pdf>
Package pdftex.def Info: classFuzzyRule__coll__graph.pdf  used on input line 13
.
(pdftex.def)             Requested size: 173.0pt x 171.00699pt.

Overfull \hbox (59.18872pt too wide) in paragraph at lines 19--21
[][] \T1/phv/m/n/10 (std[]::string name, [] fuzzy[]_[]input[]_[]condition, []
 []

[58]
Underfull \hbox (badness 10000) detected at line 80
[][][]
 []

) (./classHeadlights.tex <./classHeadlights__coll__graph.pdf>
<classHeadlights__coll__graph.pdf, id=3192, 176.66pt x 160.6pt>
File: classHeadlights__coll__graph.pdf Graphic file (type pdf)
<use classHeadlights__coll__graph.pdf>
Package pdftex.def Info: classHeadlights__coll__graph.pdf  used on input line 1
3.
(pdftex.def)             Requested size: 176.0pt x 160.00165pt.
 [59] [60])
(./structCaptureFrame_1_1ImageBuffer.tex <./structCaptureFrame_1_1ImageBuffer__
coll__graph.pdf>
<structCaptureFrame_1_1ImageBuffer__coll__graph.pdf, id=3222, 281.05pt x 243.91
125pt>
File: structCaptureFrame_1_1ImageBuffer__coll__graph.pdf Graphic file (type pdf
)
<use structCaptureFrame_1_1ImageBuffer__coll__graph.pdf>
Package pdftex.def Info: structCaptureFrame_1_1ImageBuffer__coll__graph.pdf  us
ed on input line 13.
(pdftex.def)             Requested size: 280.0pt x 243.01369pt.
 [61]) (./classLogger.tex <./classLogger__coll__graph.pdf>
<classLogger__coll__graph.pdf, id=3254, 165.61874pt x 171.64125pt>
File: classLogger__coll__graph.pdf Graphic file (type pdf)
<use classLogger__coll__graph.pdf>
Package pdftex.def Info: classLogger__coll__graph.pdf  used on input line 13.
(pdftex.def)             Requested size: 165.0pt x 171.00699pt.

[62]
Underfull \hbox (badness 10000) detected at line 57
[][][]
 []

[63] [64]) (./classLogStream.tex <./classLogStream__inherit__graph.pdf

pdfTeX warning: pdflatex (file ./classLogStream__inherit__graph.pdf): PDF inclu
sion: multiple pdfs with page group included in a single page
>
<classLogStream__inherit__graph.pdf, id=3306, 186.6975pt x 254.9525pt>
File: classLogStream__inherit__graph.pdf Graphic file (type pdf)
<use classLogStream__inherit__graph.pdf>
Package pdftex.def Info: classLogStream__inherit__graph.pdf  used on input line
 13.
(pdftex.def)             Requested size: 186.0pt x 254.0104pt.
 <./classLogStream__coll__graph.pdf

pdfTeX warning: pdflatex (file ./classLogStream__coll__graph.pdf): PDF inclusio
n: multiple pdfs with page group included in a single page
>
<classLogStream__coll__graph.pdf, id=3314, 186.6975pt x 254.9525pt>
File: classLogStream__coll__graph.pdf Graphic file (type pdf)
<use classLogStream__coll__graph.pdf>
Package pdftex.def Info: classLogStream__coll__graph.pdf  used on input line 22
.
(pdftex.def)             Requested size: 186.0pt x 254.0104pt.
 [65] [66]
Underfull \hbox (badness 10000) detected at line 62
[][][]
 []

) (./classov7670.tex <./classov7670__coll__graph.pdf>
<classov7670__coll__graph.pdf, id=3350, 160.6pt x 149.55875pt>
File: classov7670__coll__graph.pdf Graphic file (type pdf)
<use classov7670__coll__graph.pdf>
Package pdftex.def Info: classov7670__coll__graph.pdf  used on input line 13.
(pdftex.def)             Requested size: 160.0pt x 149.00383pt.
 [67])
(./structRecognitionResult.tex <./structRecognitionResult__coll__graph.pdf>
<structRecognitionResult__coll__graph.pdf, id=3383, 189.70876pt x 288.07625pt>
File: structRecognitionResult__coll__graph.pdf Graphic file (type pdf)
<use structRecognitionResult__coll__graph.pdf>
Package pdftex.def Info: structRecognitionResult__coll__graph.pdf  used on inpu
t line 13.
(pdftex.def)             Requested size: 189.0pt x 287.00737pt.

[68] [69]) (./classSimpleMovingAverage.tex <./classSimpleMovingAverage__coll__g
raph.pdf>
<classSimpleMovingAverage__coll__graph.pdf, id=3423, 233.87375pt x 171.64125pt>

File: classSimpleMovingAverage__coll__graph.pdf Graphic file (type pdf)
<use classSimpleMovingAverage__coll__graph.pdf>
Package pdftex.def Info: classSimpleMovingAverage__coll__graph.pdf  used on inp
ut line 13.
(pdftex.def)             Requested size: 233.0pt x 171.00961pt.
 [70] [71]
Underfull \hbox (badness 10000) detected at line 70
[][][]
 []

) (./classSmartNav.tex <./classSmartNav__coll__graph.pdf

pdfTeX warning: pdflatex (file ./classSmartNav__coll__graph.pdf): PDF inclusion
: multiple pdfs with page group included in a single page
>
<classSmartNav__coll__graph.pdf, id=3455, 172.645pt x 149.55875pt>
File: classSmartNav__coll__graph.pdf Graphic file (type pdf)
<use classSmartNav__coll__graph.pdf>
Package pdftex.def Info: classSmartNav__coll__graph.pdf  used on input line 13.

(pdftex.def)             Requested size: 172.0pt x 149.00154pt.
) (./structFuzzyMembershipTrapezoidal_1_1TrapezoidalPoints.tex <./structFuzzyMe
mbershipTrapezoidal_1_1TrapezoidalPoints__coll__graph.pdf

pdfTeX warning: pdflatex (file ./structFuzzyMembershipTrapezoidal_1_1Trapezoida
lPoints__coll__graph.pdf): PDF inclusion: multiple pdfs with page group include
d in a single page
>
<structFuzzyMembershipTrapezoidal_1_1TrapezoidalPoints__coll__graph.pdf, id=346
6, 241.90375pt x 288.07625pt>
File: structFuzzyMembershipTrapezoidal_1_1TrapezoidalPoints__coll__graph.pdf Gr
aphic file (type pdf)
<use structFuzzyMembershipTrapezoidal_1_1TrapezoidalPoints__coll__graph.pdf>
Package pdftex.def Info: structFuzzyMembershipTrapezoidal_1_1TrapezoidalPoints_
_coll__graph.pdf  used on input line 13.
(pdftex.def)             Requested size: 241.0pt x 287.01176pt.
 [72] [73]) (./classutilities.tex <./classutilities__coll__graph.pdf>
<classutilities__coll__graph.pdf, id=3507, 160.6pt x 149.55875pt>
File: classutilities__coll__graph.pdf Graphic file (type pdf)
<use classutilities__coll__graph.pdf>
Package pdftex.def Info: classutilities__coll__graph.pdf  used on input line 13
.
(pdftex.def)             Requested size: 160.0pt x 149.00383pt.
 [74])
(./classv__demosaic.tex <./classv__demosaic__coll__graph.pdf>
<classv__demosaic__coll__graph.pdf, id=3524, 182.6825pt x 149.55875pt>
File: classv__demosaic__coll__graph.pdf Graphic file (type pdf)
<use classv__demosaic__coll__graph.pdf>
Package pdftex.def Info: classv__demosaic__coll__graph.pdf  used on input line 
13.
(pdftex.def)             Requested size: 182.0pt x 149.0061pt.
 [75])
(./classVirtualImage.tex <./classVirtualImage__coll__graph.pdf>
<classVirtualImage__coll__graph.pdf, id=3556, 187.70125pt x 282.05376pt>
File: classVirtualImage__coll__graph.pdf Graphic file (type pdf)
<use classVirtualImage__coll__graph.pdf>
Package pdftex.def Info: classVirtualImage__coll__graph.pdf  used on input line
 13.
(pdftex.def)             Requested size: 187.0pt x 281.01584pt.
 [76] [77]
LaTeX Font Info:    Font shape `T1/phv/b/n' will be
(Font)              scaled to size 7.19995pt on input line 53.

[78]
Underfull \hbox (badness 10000) detected at line 121
[][][]
 []


Underfull \hbox (badness 10000) detected at line 134
[][][]
 []

[79]
Underfull \hbox (badness 10000) detected at line 147
[][][]
 []


Underfull \hbox (badness 10000) detected at line 160
[][][]
 []


Underfull \hbox (badness 10000) detected at line 173
[][][]
 []


Underfull \hbox (badness 10000) detected at line 186
[][][]
 []

[80]
Underfull \hbox (badness 10000) detected at line 206
[][][]
 []

) [81] [82

]
Chapter 7.
(./CaptureFrame_8cpp.tex <./CaptureFrame_8cpp__incl.pdf

pdfTeX warning: pdflatex (file ./CaptureFrame_8cpp__incl.pdf): PDF inclusion: m
ultiple pdfs with page group included in a single page
>
<CaptureFrame_8cpp__incl.pdf, id=3651, 1214.5375pt x 403.5075pt>
File: CaptureFrame_8cpp__incl.pdf Graphic file (type pdf)
<use CaptureFrame_8cpp__incl.pdf>
Package pdftex.def Info: CaptureFrame_8cpp__incl.pdf  used on input line 16.
(pdftex.def)             Requested size: 350.0pt x 116.27533pt.
) (./CaptureFrame_8hpp.tex <./CaptureFrame_8hpp__incl.pdf

pdfTeX warning: pdflatex (file ./CaptureFrame_8hpp__incl.pdf): PDF inclusion: m
ultiple pdfs with page group included in a single page
>
<CaptureFrame_8hpp__incl.pdf, id=3667, 1396.21625pt x 347.2975pt>
File: CaptureFrame_8hpp__incl.pdf Graphic file (type pdf)
<use CaptureFrame_8hpp__incl.pdf>
Package pdftex.def Info: CaptureFrame_8hpp__incl.pdf  used on input line 18.
(pdftex.def)             Requested size: 350.0pt x 87.05733pt.
 [83] <./CaptureFrame_8hpp__dep__incl.pdf>
<CaptureFrame_8hpp__dep__incl.pdf, id=3690, 317.185pt x 178.6675pt>
File: CaptureFrame_8hpp__dep__incl.pdf Graphic file (type pdf)
<use CaptureFrame_8hpp__dep__incl.pdf>
Package pdftex.def Info: CaptureFrame_8hpp__dep__incl.pdf  used on input line 2
6.
(pdftex.def)             Requested size: 316.0pt x 178.01547pt.
 [84]) (./ColorSpaces_8hpp.tex <./ColorSpaces_8hpp__dep__incl.pdf>
<ColorSpaces_8hpp__dep__incl.pdf, id=3709, 471.7625pt x 447.6725pt>
File: ColorSpaces_8hpp__dep__incl.pdf Graphic file (type pdf)
<use ColorSpaces_8hpp__dep__incl.pdf>
Package pdftex.def Info: ColorSpaces_8hpp__dep__incl.pdf  used on input line 8.

(pdftex.def)             Requested size: 350.0pt x 332.13315pt.
 [85]) (./Detector_8cpp.tex <./Detector_8cpp__incl.pdf>
<Detector_8cpp__incl.pdf, id=3739, 971.63pt x 291.0875pt>
File: Detector_8cpp__incl.pdf Graphic file (type pdf)
<use Detector_8cpp__incl.pdf>
Package pdftex.def Info: Detector_8cpp__incl.pdf  used on input line 10.
(pdftex.def)             Requested size: 350.0pt x 104.85359pt.
) (./Detector_8hpp.tex <./Detector_8hpp__incl.pdf

pdfTeX warning: pdflatex (file ./Detector_8hpp__incl.pdf): PDF inclusion: multi
ple pdfs with page group included in a single page
>
<Detector_8hpp__incl.pdf, id=3755, 971.63pt x 234.8775pt>
File: Detector_8hpp__incl.pdf Graphic file (type pdf)
<use Detector_8hpp__incl.pdf>
Package pdftex.def Info: Detector_8hpp__incl.pdf  used on input line 15.
(pdftex.def)             Requested size: 350.0pt x 84.606pt.
 [86] <./Detector_8hpp__dep__incl.pdf>
<Detector_8hpp__dep__incl.pdf, id=3780, 435.6275pt x 313.17pt>
File: Detector_8hpp__dep__incl.pdf Graphic file (type pdf)
<use Detector_8hpp__dep__incl.pdf>
Package pdftex.def Info: Detector_8hpp__dep__incl.pdf  used on input line 23.
(pdftex.def)             Requested size: 350.0pt x 251.61151pt.
) (./FrameProcessor_8cpp.tex <./FrameProcessor_8cpp__incl.pdf

pdfTeX warning: pdflatex (file ./FrameProcessor_8cpp__incl.pdf): PDF inclusion:
 multiple pdfs with page group included in a single page
>
<FrameProcessor_8cpp__incl.pdf, id=3789, 1175.39125pt x 347.2975pt>
File: FrameProcessor_8cpp__incl.pdf Graphic file (type pdf)
<use FrameProcessor_8cpp__incl.pdf>
Package pdftex.def Info: FrameProcessor_8cpp__incl.pdf  used on input line 11.
(pdftex.def)             Requested size: 350.0pt x 103.41635pt.
) (./FrameProcessor_8hpp.tex [87] <./FrameProcessor_8hpp__incl.pdf>
<FrameProcessor_8hpp__incl.pdf, id=3812, 1151.30125pt x 291.0875pt>
File: FrameProcessor_8hpp__incl.pdf Graphic file (type pdf)
<use FrameProcessor_8hpp__incl.pdf>
Package pdftex.def Info: FrameProcessor_8hpp__incl.pdf  used on input line 11.
(pdftex.def)             Requested size: 350.0pt x 88.49062pt.
 <./FrameProcessor_8hpp__dep__incl.pdf

pdfTeX warning: pdflatex (file ./FrameProcessor_8hpp__dep__incl.pdf): PDF inclu
sion: multiple pdfs with page group included in a single page
>
<FrameProcessor_8hpp__dep__incl.pdf, id=3827, 424.58624pt x 245.91875pt>
File: FrameProcessor_8hpp__dep__incl.pdf Graphic file (type pdf)
<use FrameProcessor_8hpp__dep__incl.pdf>
Package pdftex.def Info: FrameProcessor_8hpp__dep__incl.pdf  used on input line
 19.
(pdftex.def)             Requested size: 350.0pt x 202.72786pt.
) (./ov7670_8cpp.tex <./ov7670_8cpp__incl.pdf

pdfTeX warning: pdflatex (file ./ov7670_8cpp__incl.pdf): PDF inclusion: multipl
e pdfs with page group included in a single page
>
<ov7670_8cpp__incl.pdf, id=3836, 1008.76875pt x 223.83624pt>
File: ov7670_8cpp__incl.pdf Graphic file (type pdf)
<use ov7670_8cpp__incl.pdf>
Package pdftex.def Info: ov7670_8cpp__incl.pdf  used on input line 16.
(pdftex.def)             Requested size: 350.0pt x 77.66075pt.
 [88]) (./ov7670_8hpp.tex <./ov7670_8hpp__incl.pdf>
<ov7670_8hpp__incl.pdf, id=3855, 620.3175pt x 167.62625pt>
File: ov7670_8hpp__incl.pdf Graphic file (type pdf)
<use ov7670_8hpp__incl.pdf>
Package pdftex.def Info: ov7670_8hpp__incl.pdf  used on input line 13.
(pdftex.def)             Requested size: 350.0pt x 94.57855pt.
 [89] <./ov7670_8hpp__dep__incl.pdf>
<ov7670_8hpp__dep__incl.pdf, id=3873, 424.58624pt x 245.91875pt>
File: ov7670_8hpp__dep__incl.pdf Graphic file (type pdf)
<use ov7670_8hpp__dep__incl.pdf>
Package pdftex.def Info: ov7670_8hpp__dep__incl.pdf  used on input line 21.
(pdftex.def)             Requested size: 350.0pt x 202.72786pt.
) (./RecognitionResult_8hpp.tex [90] <./RecognitionResult_8hpp__incl.pdf>
<RecognitionResult_8hpp__incl.pdf, id=3893, 211.79124pt x 167.62625pt>
File: RecognitionResult_8hpp__incl.pdf Graphic file (type pdf)
<use RecognitionResult_8hpp__incl.pdf>
Package pdftex.def Info: RecognitionResult_8hpp__incl.pdf  used on input line 9
.
(pdftex.def)             Requested size: 211.0pt x 167.00684pt.
 <./RecognitionResult_8hpp__dep__incl.pdf

pdfTeX warning: pdflatex (file ./RecognitionResult_8hpp__dep__incl.pdf): PDF in
clusion: multiple pdfs with page group included in a single page
>
<RecognitionResult_8hpp__dep__incl.pdf, id=3901, 435.6275pt x 380.42125pt>
File: RecognitionResult_8hpp__dep__incl.pdf Graphic file (type pdf)
<use RecognitionResult_8hpp__dep__incl.pdf>
Package pdftex.def Info: RecognitionResult_8hpp__dep__incl.pdf  used on input l
ine 17.
(pdftex.def)             Requested size: 350.0pt x 305.64346pt.
 [91]) (./v__demosaic_8cpp.tex <./v__demosaic_8cpp__incl.pdf>
<v__demosaic_8cpp__incl.pdf, id=3918, 1019.81pt x 223.83624pt>
File: v__demosaic_8cpp__incl.pdf Graphic file (type pdf)
<use v__demosaic_8cpp__incl.pdf>
Package pdftex.def Info: v__demosaic_8cpp__incl.pdf  used on input line 16.
(pdftex.def)             Requested size: 350.0pt x 76.82056pt.
)
(./v__demosaic_8hpp.tex <./v__demosaic_8hpp__incl.pdf

pdfTeX warning: pdflatex (file ./v__demosaic_8hpp__incl.pdf): PDF inclusion: mu
ltiple pdfs with page group included in a single page
>
<v__demosaic_8hpp__incl.pdf, id=3929, 620.3175pt x 167.62625pt>
File: v__demosaic_8hpp__incl.pdf Graphic file (type pdf)
<use v__demosaic_8hpp__incl.pdf>
Package pdftex.def Info: v__demosaic_8hpp__incl.pdf  used on input line 13.
(pdftex.def)             Requested size: 350.0pt x 94.57855pt.
 [92] <./v__demosaic_8hpp__dep__incl.pdf>
<v__demosaic_8hpp__dep__incl.pdf, id=3948, 424.58624pt x 245.91875pt>
File: v__demosaic_8hpp__dep__incl.pdf Graphic file (type pdf)
<use v__demosaic_8hpp__dep__incl.pdf>
Package pdftex.def Info: v__demosaic_8hpp__dep__incl.pdf  used on input line 21
.
(pdftex.def)             Requested size: 350.0pt x 202.72786pt.
) (./VirtualImage_8cpp.tex [93] <./VirtualImage_8cpp__incl.pdf>
<VirtualImage_8cpp__incl.pdf, id=3968, 461.725pt x 223.83624pt>
File: VirtualImage_8cpp__incl.pdf Graphic file (type pdf)
<use VirtualImage_8cpp__incl.pdf>
Package pdftex.def Info: VirtualImage_8cpp__incl.pdf  used on input line 8.
(pdftex.def)             Requested size: 350.0pt x 169.6733pt.
) (./VirtualImage_8hpp.tex <./VirtualImage_8hpp__incl.pdf

pdfTeX warning: pdflatex (file ./VirtualImage_8hpp__incl.pdf): PDF inclusion: m
ultiple pdfs with page group included in a single page
>
<VirtualImage_8hpp__incl.pdf, id=3976, 461.725pt x 167.62625pt>
File: VirtualImage_8hpp__incl.pdf Graphic file (type pdf)
<use VirtualImage_8hpp__incl.pdf>
Package pdftex.def Info: VirtualImage_8hpp__incl.pdf  used on input line 11.
(pdftex.def)             Requested size: 350.0pt x 127.06474pt.
 <./VirtualImage_8hpp__dep__incl.pdf

pdfTeX warning: pdflatex (file ./VirtualImage_8hpp__dep__incl.pdf): PDF inclusi
on: multiple pdfs with page group included in a single page
>
<VirtualImage_8hpp__dep__incl.pdf, id=3985, 471.7625pt x 380.42125pt>
File: VirtualImage_8hpp__dep__incl.pdf Graphic file (type pdf)
<use VirtualImage_8hpp__dep__incl.pdf>
Package pdftex.def Info: VirtualImage_8hpp__dep__incl.pdf  used on input line 1
9.
(pdftex.def)             Requested size: 350.0pt x 282.2387pt.
 [94]) (./Compass_8cpp.tex <./Compass_8cpp__incl.pdf>
<Compass_8cpp__incl.pdf, id=4001, 1258.7025pt x 269.005pt>
File: Compass_8cpp__incl.pdf Graphic file (type pdf)
<use Compass_8cpp__incl.pdf>
Package pdftex.def Info: Compass_8cpp__incl.pdf  used on input line 9.
(pdftex.def)             Requested size: 350.0pt x 74.79958pt.
 [95])
(./Compass_8hpp.tex <./Compass_8hpp__incl.pdf>
<Compass_8hpp__incl.pdf, id=4020, 1258.7025pt x 212.795pt>
File: Compass_8hpp__incl.pdf Graphic file (type pdf)
<use Compass_8hpp__incl.pdf>
Package pdftex.def Info: Compass_8hpp__incl.pdf  used on input line 21.
(pdftex.def)             Requested size: 350.0pt x 59.16982pt.
 <./Compass_8hpp__dep__incl.pdf

pdfTeX warning: pdflatex (file ./Compass_8hpp__dep__incl.pdf): PDF inclusion: m
ultiple pdfs with page group included in a single page
>
<Compass_8hpp__dep__incl.pdf, id=4028, 254.9525pt x 156.585pt>
File: Compass_8hpp__dep__incl.pdf Graphic file (type pdf)
<use Compass_8hpp__dep__incl.pdf>
Package pdftex.def Info: Compass_8hpp__dep__incl.pdf  used on input line 28.
(pdftex.def)             Requested size: 254.0pt x 156.0064pt.
) (./Registers_8hpp.tex <./Registers_8hpp__dep__incl.pdf

pdfTeX warning: pdflatex (file ./Registers_8hpp__dep__incl.pdf): PDF inclusion:
 multiple pdfs with page group included in a single page
>
<Registers_8hpp__dep__incl.pdf, id=4039, 255.95625pt x 212.795pt>
File: Registers_8hpp__dep__incl.pdf Graphic file (type pdf)
<use Registers_8hpp__dep__incl.pdf>
Package pdftex.def Info: Registers_8hpp__dep__incl.pdf  used on input line 7.
(pdftex.def)             Requested size: 255.0pt x 211.99895pt.
 [96]) (./Driver_8hpp.tex <./Driver_8hpp__incl.pdf>
<Driver_8hpp__incl.pdf, id=4070, 684.5575pt x 156.585pt>
File: Driver_8hpp__incl.pdf Graphic file (type pdf)
<use Driver_8hpp__incl.pdf>
Package pdftex.def Info: Driver_8hpp__incl.pdf  used on input line 15.
(pdftex.def)             Requested size: 350.0pt x 80.06038pt.
 [97] <./Driver_8hpp__dep__incl.pdf>
<Driver_8hpp__dep__incl.pdf, id=4087, 223.83624pt x 156.585pt>
File: Driver_8hpp__dep__incl.pdf Graphic file (type pdf)
<use Driver_8hpp__dep__incl.pdf>
Package pdftex.def Info: Driver_8hpp__dep__incl.pdf  used on input line 23.
(pdftex.def)             Requested size: 223.0pt x 156.004pt.
LaTeX Font Info:    Trying to load font information for TS1+pcr on input line 5
7.
 (/usr/share/texlive/texmf-dist/tex/latex/psnfss/ts1pcr.fd
File: ts1pcr.fd 2001/06/04 font definitions for TS1/pcr.
) [98])
(./FuzzyAnd_8cpp.tex <./FuzzyAnd_8cpp__incl.pdf>
<FuzzyAnd_8cpp__incl.pdf, id=4135, 1144.275pt x 504.88625pt>
File: FuzzyAnd_8cpp__incl.pdf Graphic file (type pdf)
<use FuzzyAnd_8cpp__incl.pdf>
Package pdftex.def Info: FuzzyAnd_8cpp__incl.pdf  used on input line 8.
(pdftex.def)             Requested size: 350.0pt x 154.42534pt.
 [99]) (./FuzzyAnd_8hpp.tex <./FuzzyAnd_8hpp__incl.pdf

pdfTeX warning: pdflatex (file ./FuzzyAnd_8hpp__incl.pdf): PDF inclusion: multi
ple pdfs with page group included in a single page
>
<FuzzyAnd_8hpp__incl.pdf, id=4148, 1144.275pt x 448.67625pt>
File: FuzzyAnd_8hpp__incl.pdf Graphic file (type pdf)
<use FuzzyAnd_8hpp__incl.pdf>
Package pdftex.def Info: FuzzyAnd_8hpp__incl.pdf  used on input line 13.
(pdftex.def)             Requested size: 350.0pt x 137.23286pt.
 [100] <./FuzzyAnd_8hpp__dep__incl.pdf>
<FuzzyAnd_8hpp__dep__incl.pdf, id=4164, 483.8075pt x 313.17pt>
File: FuzzyAnd_8hpp__dep__incl.pdf Graphic file (type pdf)
<use FuzzyAnd_8hpp__dep__incl.pdf>
Package pdftex.def Info: FuzzyAnd_8hpp__dep__incl.pdf  used on input line 21.
(pdftex.def)             Requested size: 350.0pt x 226.56696pt.
) (./FuzzyComparation_8cpp.tex <./FuzzyComparation_8cpp__incl.pdf

pdfTeX warning: pdflatex (file ./FuzzyComparation_8cpp__incl.pdf): PDF inclusio
n: multiple pdfs with page group included in a single page
>
<FuzzyComparation_8cpp__incl.pdf, id=4173, 1039.885pt x 448.67625pt>
File: FuzzyComparation_8cpp__incl.pdf Graphic file (type pdf)
<use FuzzyComparation_8cpp__incl.pdf>
Package pdftex.def Info: FuzzyComparation_8cpp__incl.pdf  used on input line 8.

(pdftex.def)             Requested size: 350.0pt x 151.01434pt.
 [101]) (./FuzzyComparation_8hpp.tex <./FuzzyComparation_8hpp__incl.pdf>
<FuzzyComparation_8hpp__incl.pdf, id=4190, 1039.885pt x 392.46625pt>
File: FuzzyComparation_8hpp__incl.pdf Graphic file (type pdf)
<use FuzzyComparation_8hpp__incl.pdf>
Package pdftex.def Info: FuzzyComparation_8hpp__incl.pdf  used on input line 15
.
(pdftex.def)             Requested size: 350.0pt x 132.0953pt.
 <./FuzzyComparation_8hpp__dep__incl.pdf

pdfTeX warning: pdflatex (file ./FuzzyComparation_8hpp__dep__incl.pdf): PDF inc
lusion: multiple pdfs with page group included in a single page
>
<FuzzyComparation_8hpp__dep__incl.pdf, id=4198, 531.9875pt x 380.42125pt>
File: FuzzyComparation_8hpp__dep__incl.pdf Graphic file (type pdf)
<use FuzzyComparation_8hpp__dep__incl.pdf>
Package pdftex.def Info: FuzzyComparation_8hpp__dep__incl.pdf  used on input li
ne 23.
(pdftex.def)             Requested size: 350.0pt x 250.28934pt.
 [102]) (./FuzzyCondition_8hpp.tex <./FuzzyCondition_8hpp__incl.pdf>
<FuzzyCondition_8hpp__incl.pdf, id=4217, 748.7975pt x 336.25626pt>
File: FuzzyCondition_8hpp__incl.pdf Graphic file (type pdf)
<use FuzzyCondition_8hpp__incl.pdf>
Package pdftex.def Info: FuzzyCondition_8hpp__incl.pdf  used on input line 10.
(pdftex.def)             Requested size: 350.0pt x 157.17334pt.
 <./FuzzyCondition_8hpp__dep__incl.pdf

pdfTeX warning: pdflatex (file ./FuzzyCondition_8hpp__dep__incl.pdf): PDF inclu
sion: multiple pdfs with page group included in a single page
>
<FuzzyCondition_8hpp__dep__incl.pdf, id=4225, 551.05875pt x 447.6725pt>
File: FuzzyCondition_8hpp__dep__incl.pdf Graphic file (type pdf)
<use FuzzyCondition_8hpp__dep__incl.pdf>
Package pdftex.def Info: FuzzyCondition_8hpp__dep__incl.pdf  used on input line
 18.
(pdftex.def)             Requested size: 350.0pt x 284.34401pt.
 [103]) (./FuzzyControlSystem_8cpp.tex <./FuzzyControlSystem_8cpp__incl.pdf>
<FuzzyControlSystem_8cpp__incl.pdf, id=4243, 1421.31pt x 617.30624pt>
File: FuzzyControlSystem_8cpp__incl.pdf Graphic file (type pdf)
<use FuzzyControlSystem_8cpp__incl.pdf>
Package pdftex.def Info: FuzzyControlSystem_8cpp__incl.pdf  used on input line 
8.
(pdftex.def)             Requested size: 350.0pt x 152.00902pt.

[104]) (./FuzzyControlSystem_8hpp.tex <./FuzzyControlSystem_8hpp__incl.pdf>
<FuzzyControlSystem_8hpp__incl.pdf, id=4261, 1421.31pt x 561.09625pt>
File: FuzzyControlSystem_8hpp__incl.pdf Graphic file (type pdf)
<use FuzzyControlSystem_8hpp__incl.pdf>
Package pdftex.def Info: FuzzyControlSystem_8hpp__incl.pdf  used on input line 
17.
(pdftex.def)             Requested size: 350.0pt x 138.16756pt.
 <./FuzzyControlSystem_8hpp__dep__incl.pdf

pdfTeX warning: pdflatex (file ./FuzzyControlSystem_8hpp__dep__incl.pdf): PDF i
nclusion: multiple pdfs with page group included in a single page
>
<FuzzyControlSystem_8hpp__dep__incl.pdf, id=4269, 365.365pt x 178.6675pt>
File: FuzzyControlSystem_8hpp__dep__incl.pdf Graphic file (type pdf)
<use FuzzyControlSystem_8hpp__dep__incl.pdf>
Package pdftex.def Info: FuzzyControlSystem_8hpp__dep__incl.pdf  used on input 
line 25.
(pdftex.def)             Requested size: 350.0pt x 171.1617pt.
 [105]) (./FuzzyInput_8cpp.tex <./FuzzyInput_8cpp__incl.pdf>
<FuzzyInput_8cpp__incl.pdf, id=4287, 642.4pt x 336.25626pt>
File: FuzzyInput_8cpp__incl.pdf Graphic file (type pdf)
<use FuzzyInput_8cpp__incl.pdf>
Package pdftex.def Info: FuzzyInput_8cpp__incl.pdf  used on input line 9.
(pdftex.def)             Requested size: 350.0pt x 183.20728pt.
)
(./FuzzyInput_8hpp.tex <./FuzzyInput_8hpp__incl.pdf

pdfTeX warning: pdflatex (file ./FuzzyInput_8hpp__incl.pdf): PDF inclusion: mul
tiple pdfs with page group included in a single page
>
<FuzzyInput_8hpp__incl.pdf, id=4295, 642.4pt x 280.04625pt>
File: FuzzyInput_8hpp__incl.pdf Graphic file (type pdf)
<use FuzzyInput_8hpp__incl.pdf>
Package pdftex.def Info: FuzzyInput_8hpp__incl.pdf  used on input line 13.
(pdftex.def)             Requested size: 350.0pt x 152.58157pt.
 [106] <./FuzzyInput_8hpp__dep__incl.pdf>
<FuzzyInput_8hpp__dep__incl.pdf, id=4311, 700.6175pt x 514.92375pt>
File: FuzzyInput_8hpp__dep__incl.pdf Graphic file (type pdf)
<use FuzzyInput_8hpp__dep__incl.pdf>
Package pdftex.def Info: FuzzyInput_8hpp__dep__incl.pdf  used on input line 21.

(pdftex.def)             Requested size: 350.0pt x 257.24124pt.
) (./FuzzyIO_8hpp.tex <./FuzzyIO_8hpp__incl.pdf

pdfTeX warning: pdflatex (file ./FuzzyIO_8hpp__incl.pdf): PDF inclusion: multip
le pdfs with page group included in a single page
>
<FuzzyIO_8hpp__incl.pdf, id=4321, 387.4475pt x 223.83624pt>
File: FuzzyIO_8hpp__incl.pdf Graphic file (type pdf)
<use FuzzyIO_8hpp__incl.pdf>
Package pdftex.def Info: FuzzyIO_8hpp__incl.pdf  used on input line 11.
(pdftex.def)             Requested size: 350.0pt x 202.20557pt.
 [107] <./FuzzyIO_8hpp__dep__incl.pdf>
<FuzzyIO_8hpp__dep__incl.pdf, id=4337, 828.09375pt x 582.175pt>
File: FuzzyIO_8hpp__dep__incl.pdf Graphic file (type pdf)
<use FuzzyIO_8hpp__dep__incl.pdf>
Package pdftex.def Info: FuzzyIO_8hpp__dep__incl.pdf  used on input line 19.
(pdftex.def)             Requested size: 350.0pt x 246.0664pt.
) (./FuzzyMembership_8hpp.tex <./FuzzyMembership_8hpp__incl.pdf

pdfTeX warning: pdflatex (file ./FuzzyMembership_8hpp__incl.pdf): PDF inclusion
: multiple pdfs with page group included in a single page
>
<FuzzyMembership_8hpp__incl.pdf, id=4346, 249.93375pt x 167.62625pt>
File: FuzzyMembership_8hpp__incl.pdf Graphic file (type pdf)
<use FuzzyMembership_8hpp__incl.pdf>
Package pdftex.def Info: FuzzyMembership_8hpp__incl.pdf  used on input line 8.
(pdftex.def)             Requested size: 249.0pt x 167.00684pt.
 [108] <./FuzzyMembership_8hpp__dep__incl.pdf>
<FuzzyMembership_8hpp__dep__incl.pdf, id=4362, 839.135pt x 649.42625pt>
File: FuzzyMembership_8hpp__dep__incl.pdf Graphic file (type pdf)
<use FuzzyMembership_8hpp__dep__incl.pdf>
Package pdftex.def Info: FuzzyMembership_8hpp__dep__incl.pdf  used on input lin
e 16.
(pdftex.def)             Requested size: 350.0pt x 270.87437pt.
)
(./FuzzyMembershipTrapezoidal_8cpp.tex <./FuzzyMembershipTrapezoidal_8cpp__incl
.pdf

pdfTeX warning: pdflatex (file ./FuzzyMembershipTrapezoidal_8cpp__incl.pdf): PD
F inclusion: multiple pdfs with page group included in a single page
>
<FuzzyMembershipTrapezoidal_8cpp__incl.pdf, id=4371, 500.87125pt x 280.04625pt>

File: FuzzyMembershipTrapezoidal_8cpp__incl.pdf Graphic file (type pdf)
<use FuzzyMembershipTrapezoidal_8cpp__incl.pdf>
Package pdftex.def Info: FuzzyMembershipTrapezoidal_8cpp__incl.pdf  used on inp
ut line 11.
(pdftex.def)             Requested size: 350.0pt x 195.69771pt.
) (./FuzzyMembershipTrapezoidal_8hpp.tex [109] <./FuzzyMembershipTrapezoidal_8h
pp__incl.pdf>
<FuzzyMembershipTrapezoidal_8hpp__incl.pdf, id=4388, 443.6575pt x 223.83624pt>
File: FuzzyMembershipTrapezoidal_8hpp__incl.pdf Graphic file (type pdf)
<use FuzzyMembershipTrapezoidal_8hpp__incl.pdf>
Package pdftex.def Info: FuzzyMembershipTrapezoidal_8hpp__incl.pdf  used on inp
ut line 11.
(pdftex.def)             Requested size: 350.0pt x 176.58278pt.
 <./FuzzyMembershipTrapezoidal_8hpp__dep__incl.pdf

pdfTeX warning: pdflatex (file ./FuzzyMembershipTrapezoidal_8hpp__dep__incl.pdf
): PDF inclusion: multiple pdfs with page group included in a single page
>
<FuzzyMembershipTrapezoidal_8hpp__dep__incl.pdf, id=4396, 970.62625pt x 582.175
pt>
File: FuzzyMembershipTrapezoidal_8hpp__dep__incl.pdf Graphic file (type pdf)
<use FuzzyMembershipTrapezoidal_8hpp__dep__incl.pdf>
Package pdftex.def Info: FuzzyMembershipTrapezoidal_8hpp__dep__incl.pdf  used o
n input line 19.
(pdftex.def)             Requested size: 350.0pt x 209.92929pt.
 [110]) (./FuzzyOutput_8cpp.tex <./FuzzyOutput_8cpp__incl.pdf>
<FuzzyOutput_8cpp__incl.pdf, id=4413, 633.36626pt x 336.25626pt>
File: FuzzyOutput_8cpp__incl.pdf Graphic file (type pdf)
<use FuzzyOutput_8cpp__incl.pdf>
Package pdftex.def Info: FuzzyOutput_8cpp__incl.pdf  used on input line 10.
(pdftex.def)             Requested size: 350.0pt x 185.81888pt.
 [111])
(./FuzzyOutput_8hpp.tex <./FuzzyOutput_8hpp__incl.pdf>
<FuzzyOutput_8hpp__incl.pdf, id=4434, 546.04pt x 280.04625pt>
File: FuzzyOutput_8hpp__incl.pdf Graphic file (type pdf)
<use FuzzyOutput_8hpp__incl.pdf>
Package pdftex.def Info: FuzzyOutput_8hpp__incl.pdf  used on input line 14.
(pdftex.def)             Requested size: 350.0pt x 179.50246pt.
 <./FuzzyOutput_8hpp__dep__incl.pdf

pdfTeX warning: pdflatex (file ./FuzzyOutput_8hpp__dep__incl.pdf): PDF inclusio
n: multiple pdfs with page group included in a single page
>
<FuzzyOutput_8hpp__dep__incl.pdf, id=4443, 708.6475pt x 514.92375pt>
File: FuzzyOutput_8hpp__dep__incl.pdf Graphic file (type pdf)
<use FuzzyOutput_8hpp__dep__incl.pdf>
Package pdftex.def Info: FuzzyOutput_8hpp__dep__incl.pdf  used on input line 22
.
(pdftex.def)             Requested size: 350.0pt x 254.32625pt.
 [112]) (./FuzzyRule_8cpp.tex <./FuzzyRule_8cpp__incl.pdf>
<FuzzyRule_8cpp__incl.pdf, id=4458, 1212.53pt x 561.09625pt>
File: FuzzyRule_8cpp__incl.pdf Graphic file (type pdf)
<use FuzzyRule_8cpp__incl.pdf>
Package pdftex.def Info: FuzzyRule_8cpp__incl.pdf  used on input line 9.
(pdftex.def)             Requested size: 350.0pt x 161.96031pt.
 [113])
(./FuzzyRule_8hpp.tex <./FuzzyRule_8hpp__incl.pdf>
<FuzzyRule_8hpp__incl.pdf, id=4479, 1286.8075pt x 504.88625pt>
File: FuzzyRule_8hpp__incl.pdf Graphic file (type pdf)
<use FuzzyRule_8hpp__incl.pdf>
Package pdftex.def Info: FuzzyRule_8hpp__incl.pdf  used on input line 17.
(pdftex.def)             Requested size: 350.0pt x 137.32262pt.
 <./FuzzyRule_8hpp__dep__incl.pdf

pdfTeX warning: pdflatex (file ./FuzzyRule_8hpp__dep__incl.pdf): PDF inclusion:
 multiple pdfs with page group included in a single page
>
<FuzzyRule_8hpp__dep__incl.pdf, id=4487, 483.8075pt x 245.91875pt>
File: FuzzyRule_8hpp__dep__incl.pdf Graphic file (type pdf)
<use FuzzyRule_8hpp__dep__incl.pdf>
Package pdftex.def Info: FuzzyRule_8hpp__dep__incl.pdf  used on input line 25.
(pdftex.def)             Requested size: 350.0pt x 177.91315pt.
 [114]) (./DistanceSensors_8cpp.tex <./DistanceSensors_8cpp__incl.pdf>
<DistanceSensors_8cpp__incl.pdf, id=4502, 1137.24875pt x 280.04625pt>
File: DistanceSensors_8cpp__incl.pdf Graphic file (type pdf)
<use DistanceSensors_8cpp__incl.pdf>
Package pdftex.def Info: DistanceSensors_8cpp__incl.pdf  used on input line 19.

(pdftex.def)             Requested size: 350.0pt x 86.18527pt.

[115]) (./DistanceSensors_8hpp.tex <./DistanceSensors_8hpp__incl.pdf>
<DistanceSensors_8hpp__incl.pdf, id=4528, 494.84875pt x 223.83624pt>
File: DistanceSensors_8hpp__incl.pdf Graphic file (type pdf)
<use DistanceSensors_8hpp__incl.pdf>
Package pdftex.def Info: DistanceSensors_8hpp__incl.pdf  used on input line 12.

(pdftex.def)             Requested size: 350.0pt x 158.31688pt.
 <./DistanceSensors_8hpp__dep__incl.pdf

pdfTeX warning: pdflatex (file ./DistanceSensors_8hpp__dep__incl.pdf): PDF incl
usion: multiple pdfs with page group included in a single page
>
<DistanceSensors_8hpp__dep__incl.pdf, id=4536, 329.23pt x 178.6675pt>
File: DistanceSensors_8hpp__dep__incl.pdf Graphic file (type pdf)
<use DistanceSensors_8hpp__dep__incl.pdf>
Package pdftex.def Info: DistanceSensors_8hpp__dep__incl.pdf  used on input lin
e 20.
(pdftex.def)             Requested size: 328.0pt x 178.00456pt.
 [116]) (./SimpleMovingAverage_8hpp.tex <./SimpleMovingAverage_8hpp__incl.pdf>
<SimpleMovingAverage_8hpp__incl.pdf, id=4552, 250.9375pt x 167.62625pt>
File: SimpleMovingAverage_8hpp__incl.pdf Graphic file (type pdf)
<use SimpleMovingAverage_8hpp__incl.pdf>
Package pdftex.def Info: SimpleMovingAverage_8hpp__incl.pdf  used on input line
 8.
(pdftex.def)             Requested size: 250.0pt x 167.0094pt.
 <./SimpleMovingAverage_8hpp__dep__incl.pdf

pdfTeX warning: pdflatex (file ./SimpleMovingAverage_8hpp__dep__incl.pdf): PDF 
inclusion: multiple pdfs with page group included in a single page
>
<SimpleMovingAverage_8hpp__dep__incl.pdf, id=4560, 520.94624pt x 245.91875pt>
File: SimpleMovingAverage_8hpp__dep__incl.pdf Graphic file (type pdf)
<use SimpleMovingAverage_8hpp__dep__incl.pdf>
Package pdftex.def Info: SimpleMovingAverage_8hpp__dep__incl.pdf  used on input
 line 16.
(pdftex.def)             Requested size: 350.0pt x 165.22249pt.
 [117]) (./Headlights_8hpp.tex <./Headlights_8hpp__incl.pdf>
<Headlights_8hpp__incl.pdf, id=4577, 612.2875pt x 167.62625pt>
File: Headlights_8hpp__incl.pdf Graphic file (type pdf)
<use Headlights_8hpp__incl.pdf>
Package pdftex.def Info: Headlights_8hpp__incl.pdf  used on input line 14.
(pdftex.def)             Requested size: 350.0pt x 95.81906pt.
 <./Headlights_8hpp__dep__incl.pdf

pdfTeX warning: pdflatex (file ./Headlights_8hpp__dep__incl.pdf): PDF inclusion
: multiple pdfs with page group included in a single page
>
<Headlights_8hpp__dep__incl.pdf, id=4585, 193.72375pt x 167.62625pt>
File: Headlights_8hpp__dep__incl.pdf Graphic file (type pdf)
<use Headlights_8hpp__dep__incl.pdf>
Package pdftex.def Info: Headlights_8hpp__dep__incl.pdf  used on input line 22.

(pdftex.def)             Requested size: 193.0pt x 167.00172pt.
 [118]) (./Logger_8cpp.tex <./Logger_8cpp__incl.pdf>
<Logger_8cpp__incl.pdf, id=4606, 515.9275pt x 269.005pt>
File: Logger_8cpp__incl.pdf Graphic file (type pdf)
<use Logger_8cpp__incl.pdf>
Package pdftex.def Info: Logger_8cpp__incl.pdf  used on input line 9.
(pdftex.def)             Requested size: 350.0pt x 182.49408pt.
) (./Logger_8hpp.tex
[119] <./Logger_8hpp__incl.pdf>
<Logger_8hpp__incl.pdf, id=4623, 515.9275pt x 212.795pt>
File: Logger_8hpp__incl.pdf Graphic file (type pdf)
<use Logger_8hpp__incl.pdf>
Package pdftex.def Info: Logger_8hpp__incl.pdf  used on input line 14.
(pdftex.def)             Requested size: 350.0pt x 144.36098pt.
 <./Logger_8hpp__dep__incl.pdf

pdfTeX warning: pdflatex (file ./Logger_8hpp__dep__incl.pdf): PDF inclusion: mu
ltiple pdfs with page group included in a single page
>
<Logger_8hpp__dep__incl.pdf, id=4631, 415.5525pt x 156.585pt>
File: Logger_8hpp__dep__incl.pdf Graphic file (type pdf)
<use Logger_8hpp__dep__incl.pdf>
Package pdftex.def Info: Logger_8hpp__dep__incl.pdf  used on input line 21.
(pdftex.def)             Requested size: 350.0pt x 131.88889pt.
 [120]) (./LogLevels_8hpp.tex <./LogLevels_8hpp__dep__incl.pdf>
<LogLevels_8hpp__dep__incl.pdf, id=4647, 416.55624pt x 269.005pt>
File: LogLevels_8hpp__dep__incl.pdf Graphic file (type pdf)
<use LogLevels_8hpp__dep__incl.pdf>
Package pdftex.def Info: LogLevels_8hpp__dep__incl.pdf  used on input line 7.
(pdftex.def)             Requested size: 350.0pt x 226.03653pt.
 [121])
(./LogStream_8cpp.tex <./LogStream_8cpp__incl.pdf>
<LogStream_8cpp__incl.pdf, id=4673, 538.01pt x 269.005pt>
File: LogStream_8cpp__incl.pdf Graphic file (type pdf)
<use LogStream_8cpp__incl.pdf>
Package pdftex.def Info: LogStream_8cpp__incl.pdf  used on input line 9.
(pdftex.def)             Requested size: 350.0pt x 174.99893pt.
) (./LogStream_8hpp.tex <./LogStream_8hpp__incl.pdf

pdfTeX warning: pdflatex (file ./LogStream_8hpp__incl.pdf): PDF inclusion: mult
iple pdfs with page group included in a single page
>
<LogStream_8hpp__incl.pdf, id=4681, 253.94875pt x 156.585pt>
File: LogStream_8hpp__incl.pdf Graphic file (type pdf)
<use LogStream_8hpp__incl.pdf>
Package pdftex.def Info: LogStream_8hpp__incl.pdf  used on input line 9.
(pdftex.def)             Requested size: 253.0pt x 156.0064pt.
 <./LogStream_8hpp__dep__incl.pdf

pdfTeX warning: pdflatex (file ./LogStream_8hpp__dep__incl.pdf): PDF inclusion:
 multiple pdfs with page group included in a single page
>
<LogStream_8hpp__dep__incl.pdf, id=4689, 415.5525pt x 212.795pt>
File: LogStream_8hpp__dep__incl.pdf Graphic file (type pdf)
<use LogStream_8hpp__dep__incl.pdf>
Package pdftex.def Info: LogStream_8hpp__dep__incl.pdf  used on input line 16.
(pdftex.def)             Requested size: 350.0pt x 179.23361pt.
 [122]) (./utilities_8hpp.tex [123]) (./SmartNav_8hpp.tex <./SmartNav_8hpp__inc
l.pdf>
<SmartNav_8hpp__incl.pdf, id=4728, 3151.775pt x 617.30624pt>
File: SmartNav_8hpp__incl.pdf Graphic file (type pdf)
<use SmartNav_8hpp__incl.pdf>
Package pdftex.def Info: SmartNav_8hpp__incl.pdf  used on input line 17.
(pdftex.def)             Requested size: 350.0pt x 68.5444pt.
) [124] (./refman.ind [125



] [126] [127]
Underfull \hbox (badness 10000) in paragraph at lines 398--400
[]| \T1/phv/m/n/10 FuzzyMem-ber-ship-Trape-zoidal::TrapezoidalPoints,
 []


Underfull \hbox (badness 10000) in paragraph at lines 447--449
[]\T1/phv/m/n/10 modules/fuzzy-control-system/FuzzyComparation.cpp,
 []


Underfull \hbox (badness 10000) in paragraph at lines 449--451
[]\T1/phv/m/n/10 modules/fuzzy-control-system/FuzzyComparation.hpp,
 []


Underfull \hbox (badness 10000) in paragraph at lines 462--464
[]\T1/phv/m/n/10 modules/fuzzy-control-system/FuzzyMembership.hpp,
 []


Overfull \hbox (37.63568pt too wide) in paragraph at lines 464--466
[]\T1/phv/m/n/10 modules/fuzzy-control-system/FuzzyMembershipTrapezoidal.cpp,
 []


Overfull \hbox (38.13962pt too wide) in paragraph at lines 466--468
[]\T1/phv/m/n/10 modules/fuzzy-control-system/FuzzyMembershipTrapezoidal.hpp,
 []

[128]
Underfull \hbox (badness 10000) in paragraph at lines 612--614
[]| \T1/phv/m/n/10 FuzzyMem-ber-ship-Trape-zoidal::TrapezoidalPoints,
 []

[129]
Underfull \hbox (badness 10000) in paragraph at lines 689--691
[]| \T1/phv/m/n/10 FuzzyMem-ber-ship-Trape-zoidal::TrapezoidalPoints,
 []


Underfull \hbox (badness 10000) in paragraph at lines 692--694
[]| \T1/phv/m/n/10 FuzzyMem-ber-ship-Trape-zoidal::TrapezoidalPoints,
 []

[130]) (./refman.aux)
Package rerunfilecheck Info: File `refman.out' has not changed.
(rerunfilecheck)             Checksum: 45CC634C8AACE8442E06BA714859113E;84513.
 ) 
Here is how much of TeX's memory you used:
 20233 strings out of 480247
 364123 string characters out of 5896151
 687877 words of memory out of 5000000
 36651 multiletter control sequences out of 15000+600000
 529418 words of font info for 101 fonts, out of 8000000 for 9000
 14 hyphenation exceptions out of 8191
 99i,16n,117p,732b,633s stack positions out of 5000i,500n,10000p,200000b,80000s
{/usr/share/texlive/texmf-dist/fonts/enc/dvips/base/8r.enc}</usr/share/texliv
e/texmf-dist/fonts/type1/public/amsfonts/cm/cmmi10.pfb></usr/share/texlive/texm
f-dist/fonts/type1/public/amsfonts/cm/cmmi7.pfb></usr/share/texlive/texmf-dist/
fonts/type1/public/amsfonts/cm/cmmi8.pfb></usr/share/texlive/texmf-dist/fonts/t
ype1/public/amsfonts/cm/cmsy10.pfb></usr/share/texlive/texmf-dist/fonts/type1/p
ublic/amsfonts/cm/cmsy7.pfb></usr/share/texlive/texmf-dist/fonts/type1/public/a
msfonts/cm/cmsy8.pfb></usr/share/texlive/texmf-dist/fonts/type1/urw/courier/ucr
b8a.pfb></usr/share/texlive/texmf-dist/fonts/type1/urw/courier/ucrr8a.pfb></usr
/share/texlive/texmf-dist/fonts/type1/urw/courier/ucrro8a.pfb></usr/share/texli
ve/texmf-dist/fonts/type1/urw/helvetic/uhvb8a.pfb></usr/share/texlive/texmf-dis
t/fonts/type1/urw/helvetic/uhvb8ac.pfb></usr/share/texlive/texmf-dist/fonts/typ
e1/urw/helvetic/uhvr8a.pfb></usr/share/texlive/texmf-dist/fonts/type1/urw/helve
tic/uhvro8a.pfb>
Output written on refman.pdf (142 pages, 1277054 bytes).
PDF statistics:
 5524 PDF objects out of 6186 (max. 8388607)
 4920 compressed objects within 50 object streams
 1037 named destinations out of 1200 (max. 500000)
 3493 words of extra memory for PDF output out of 10000 (max. 10000000)

